Performing C SOURCE FILE Test HAVE_GCC_PREFERRED_STACK_BOUNDARY failed with the following output:
Change Dir: /Users/jamesfolk/Documents/NJLI/TESTBED/test_project_repo/_build_macOS/CMakeFiles/CMakeTmp

Run Build Command:"/Applications/Xcode.app/Contents/Developer/usr/bin/xcodebuild" "-project" "CMAKE_TRY_COMPILE.xcodeproj" "build" "-target" "cmTC_8edf7" "-configuration" "Debug"
=== BUILD TARGET cmTC_8edf7 OF PROJECT CMAKE_TRY_COMPILE WITH CONFIGURATION Debug ===

Check dependencies

Write auxiliary files
/bin/mkdir -p /Users/jamesfolk/Documents/NJLI/TESTBED/test_project_repo/_build_macOS/CMakeFiles/CMakeTmp/CMAKE_TRY_COMPILE.build/Debug/cmTC_8edf7.build/Objects-normal/x86_64
write-file /Users/jamesfolk/Documents/NJLI/TESTBED/test_project_repo/_build_macOS/CMakeFiles/CMakeTmp/CMAKE_TRY_COMPILE.build/Debug/cmTC_8edf7.build/Objects-normal/x86_64/cmTC_8edf7.LinkFileList

CompileC CMAKE_TRY_COMPILE.build/Debug/cmTC_8edf7.build/Objects-normal/x86_64/src.o src.c normal x86_64 c com.apple.compilers.llvm.clang.1_0.compiler
    cd /Users/jamesfolk/Documents/NJLI/TESTBED/test_project_repo/_build_macOS/CMakeFiles/CMakeTmp
    export LANG=en_US.US-ASCII
    /Applications/Xcode.app/Contents/Developer/Toolchains/XcodeDefault.xctoolchain/usr/bin/clang -x c -arch x86_64 -fmessage-length=0 -fdiagnostics-show-note-include-stack -fmacro-backtrace-limit=0 -Wno-trigraphs -fpascal-strings -O0 -Wno-missing-field-initializers -Wno-missing-prototypes -Wno-return-type -Wno-missing-braces -Wparentheses -Wswitch -Wno-unused-function -Wno-unused-label -Wno-unused-parameter -Wno-unused-variable -Wunused-value -Wno-empty-body -Wno-uninitialized -Wno-unknown-pragmas -Wno-shadow -Wno-four-char-constants -Wno-conversion -Wno-constant-conversion -Wno-int-conversion -Wno-bool-conversion -Wno-enum-conversion -Wno-float-conversion -Wno-non-literal-null-conversion -Wno-objc-literal-conversion -Wno-shorten-64-to-32 -Wpointer-sign -Wno-newline-eof -DCMAKE_INTDIR=\"Debug\" -isysroot /Applications/Xcode.app/Contents/Developer/Platforms/MacOSX.platform/Developer/SDKs/MacOSX10.13.sdk -fasm-blocks -fstrict-aliasing -Wdeprecated-declarations -mmacosx-version-min=10.13 -g -Wno-sign-conversion -Wno-infinite-recursion -Wno-comma -Wno-block-capture-autoreleasing -Wno-strict-prototypes -I/Users/jamesfolk/Documents/NJLI/TESTBED/test_project_repo/_build_macOS/CMakeFiles/CMakeTmp/Debug/include -I/Users/jamesfolk/Documents/NJLI/TESTBED/test_project_repo/_build_macOS/CMakeFiles/CMakeTmp/CMAKE_TRY_COMPILE.build/Debug/cmTC_8edf7.build/DerivedSources/x86_64 -I/Users/jamesfolk/Documents/NJLI/TESTBED/test_project_repo/_build_macOS/CMakeFiles/CMakeTmp/CMAKE_TRY_COMPILE.build/Debug/cmTC_8edf7.build/DerivedSources -Wmost -Wno-four-char-constants -Wno-unknown-pragmas -F/Users/jamesfolk/Documents/NJLI/TESTBED/test_project_repo/_build_macOS/CMakeFiles/CMakeTmp/Debug -DHAVE_GCC_PREFERRED_STACK_BOUNDARY -mpreferred-stack-boundary=2 -MMD -MT dependencies -MF /Users/jamesfolk/Documents/NJLI/TESTBED/test_project_repo/_build_macOS/CMakeFiles/CMakeTmp/CMAKE_TRY_COMPILE.build/Debug/cmTC_8edf7.build/Objects-normal/x86_64/src.d --serialize-diagnostics /Users/jamesfolk/Documents/NJLI/TESTBED/test_project_repo/_build_macOS/CMakeFiles/CMakeTmp/CMAKE_TRY_COMPILE.build/Debug/cmTC_8edf7.build/Objects-normal/x86_64/src.dia -c /Users/jamesfolk/Documents/NJLI/TESTBED/test_project_repo/_build_macOS/CMakeFiles/CMakeTmp/src.c -o /Users/jamesfolk/Documents/NJLI/TESTBED/test_project_repo/_build_macOS/CMakeFiles/CMakeTmp/CMAKE_TRY_COMPILE.build/Debug/cmTC_8edf7.build/Objects-normal/x86_64/src.o
clang: error: unknown argument: '-mpreferred-stack-boundary=2'

** BUILD FAILED **


The following build commands failed:
	CompileC CMAKE_TRY_COMPILE.build/Debug/cmTC_8edf7.build/Objects-normal/x86_64/src.o src.c normal x86_64 c com.apple.compilers.llvm.clang.1_0.compiler
(1 failure)

Source file was:
int x = 0; int main(int argc, char **argv) {}
Performing C SOURCE FILE Test HAVE_ALTIVEC_H_HDR failed with the following output:
Change Dir: /Users/jamesfolk/Documents/NJLI/TESTBED/test_project_repo/_build_macOS/CMakeFiles/CMakeTmp

Run Build Command:"/Applications/Xcode.app/Contents/Developer/usr/bin/xcodebuild" "-project" "CMAKE_TRY_COMPILE.xcodeproj" "build" "-target" "cmTC_6079f" "-configuration" "Debug"
=== BUILD TARGET cmTC_6079f OF PROJECT CMAKE_TRY_COMPILE WITH CONFIGURATION Debug ===

Check dependencies

Write auxiliary files
/bin/mkdir -p /Users/jamesfolk/Documents/NJLI/TESTBED/test_project_repo/_build_macOS/CMakeFiles/CMakeTmp/CMAKE_TRY_COMPILE.build/Debug/cmTC_6079f.build/Objects-normal/x86_64
write-file /Users/jamesfolk/Documents/NJLI/TESTBED/test_project_repo/_build_macOS/CMakeFiles/CMakeTmp/CMAKE_TRY_COMPILE.build/Debug/cmTC_6079f.build/Objects-normal/x86_64/cmTC_6079f.LinkFileList

CompileC CMAKE_TRY_COMPILE.build/Debug/cmTC_6079f.build/Objects-normal/x86_64/src.o src.c normal x86_64 c com.apple.compilers.llvm.clang.1_0.compiler
    cd /Users/jamesfolk/Documents/NJLI/TESTBED/test_project_repo/_build_macOS/CMakeFiles/CMakeTmp
    export LANG=en_US.US-ASCII
    /Applications/Xcode.app/Contents/Developer/Toolchains/XcodeDefault.xctoolchain/usr/bin/clang -x c -arch x86_64 -fmessage-length=0 -fdiagnostics-show-note-include-stack -fmacro-backtrace-limit=0 -Wno-trigraphs -fpascal-strings -O0 -Wno-missing-field-initializers -Wno-missing-prototypes -Wno-return-type -Wno-missing-braces -Wparentheses -Wswitch -Wno-unused-function -Wno-unused-label -Wno-unused-parameter -Wno-unused-variable -Wunused-value -Wno-empty-body -Wno-uninitialized -Wno-unknown-pragmas -Wno-shadow -Wno-four-char-constants -Wno-conversion -Wno-constant-conversion -Wno-int-conversion -Wno-bool-conversion -Wno-enum-conversion -Wno-float-conversion -Wno-non-literal-null-conversion -Wno-objc-literal-conversion -Wno-shorten-64-to-32 -Wpointer-sign -Wno-newline-eof -DCMAKE_INTDIR=\"Debug\" -isysroot /Applications/Xcode.app/Contents/Developer/Platforms/MacOSX.platform/Developer/SDKs/MacOSX10.13.sdk -fasm-blocks -fstrict-aliasing -Wdeprecated-declarations -mmacosx-version-min=10.13 -g -Wno-sign-conversion -Wno-infinite-recursion -Wno-comma -Wno-block-capture-autoreleasing -Wno-strict-prototypes -I/Users/jamesfolk/Documents/NJLI/TESTBED/test_project_repo/_build_macOS/CMakeFiles/CMakeTmp/Debug/include -I/Users/jamesfolk/Documents/NJLI/TESTBED/test_project_repo/_build_macOS/CMakeFiles/CMakeTmp/CMAKE_TRY_COMPILE.build/Debug/cmTC_6079f.build/DerivedSources/x86_64 -I/Users/jamesfolk/Documents/NJLI/TESTBED/test_project_repo/_build_macOS/CMakeFiles/CMakeTmp/CMAKE_TRY_COMPILE.build/Debug/cmTC_6079f.build/DerivedSources -Wmost -Wno-four-char-constants -Wno-unknown-pragmas -F/Users/jamesfolk/Documents/NJLI/TESTBED/test_project_repo/_build_macOS/CMakeFiles/CMakeTmp/Debug -DHAVE_ALTIVEC_H_HDR -maltivec -MMD -MT dependencies -MF /Users/jamesfolk/Documents/NJLI/TESTBED/test_project_repo/_build_macOS/CMakeFiles/CMakeTmp/CMAKE_TRY_COMPILE.build/Debug/cmTC_6079f.build/Objects-normal/x86_64/src.d --serialize-diagnostics /Users/jamesfolk/Documents/NJLI/TESTBED/test_project_repo/_build_macOS/CMakeFiles/CMakeTmp/CMAKE_TRY_COMPILE.build/Debug/cmTC_6079f.build/Objects-normal/x86_64/src.dia -c /Users/jamesfolk/Documents/NJLI/TESTBED/test_project_repo/_build_macOS/CMakeFiles/CMakeTmp/src.c -o /Users/jamesfolk/Documents/NJLI/TESTBED/test_project_repo/_build_macOS/CMakeFiles/CMakeTmp/CMAKE_TRY_COMPILE.build/Debug/cmTC_6079f.build/Objects-normal/x86_64/src.o
clang: error: invalid argument '-faltivec' only allowed with 'ppc/ppc64/ppc64le'

** BUILD FAILED **


The following build commands failed:
	CompileC CMAKE_TRY_COMPILE.build/Debug/cmTC_6079f.build/Objects-normal/x86_64/src.o src.c normal x86_64 c com.apple.compilers.llvm.clang.1_0.compiler
(1 failure)

Source file was:

          #include <altivec.h>
          vector unsigned int vzero() {
              return vec_splat_u32(0);
          }
          int main(int argc, char **argv) { }
Performing C SOURCE FILE Test HAVE_ALTIVEC failed with the following output:
Change Dir: /Users/jamesfolk/Documents/NJLI/TESTBED/test_project_repo/_build_macOS/CMakeFiles/CMakeTmp

Run Build Command:"/Applications/Xcode.app/Contents/Developer/usr/bin/xcodebuild" "-project" "CMAKE_TRY_COMPILE.xcodeproj" "build" "-target" "cmTC_c8dd0" "-configuration" "Debug"
=== BUILD TARGET cmTC_c8dd0 OF PROJECT CMAKE_TRY_COMPILE WITH CONFIGURATION Debug ===

Check dependencies

Write auxiliary files
/bin/mkdir -p /Users/jamesfolk/Documents/NJLI/TESTBED/test_project_repo/_build_macOS/CMakeFiles/CMakeTmp/CMAKE_TRY_COMPILE.build/Debug/cmTC_c8dd0.build/Objects-normal/x86_64
write-file /Users/jamesfolk/Documents/NJLI/TESTBED/test_project_repo/_build_macOS/CMakeFiles/CMakeTmp/CMAKE_TRY_COMPILE.build/Debug/cmTC_c8dd0.build/Objects-normal/x86_64/cmTC_c8dd0.LinkFileList

CompileC CMAKE_TRY_COMPILE.build/Debug/cmTC_c8dd0.build/Objects-normal/x86_64/src.o src.c normal x86_64 c com.apple.compilers.llvm.clang.1_0.compiler
    cd /Users/jamesfolk/Documents/NJLI/TESTBED/test_project_repo/_build_macOS/CMakeFiles/CMakeTmp
    export LANG=en_US.US-ASCII
    /Applications/Xcode.app/Contents/Developer/Toolchains/XcodeDefault.xctoolchain/usr/bin/clang -x c -arch x86_64 -fmessage-length=0 -fdiagnostics-show-note-include-stack -fmacro-backtrace-limit=0 -Wno-trigraphs -fpascal-strings -O0 -Wno-missing-field-initializers -Wno-missing-prototypes -Wno-return-type -Wno-missing-braces -Wparentheses -Wswitch -Wno-unused-function -Wno-unused-label -Wno-unused-parameter -Wno-unused-variable -Wunused-value -Wno-empty-body -Wno-uninitialized -Wno-unknown-pragmas -Wno-shadow -Wno-four-char-constants -Wno-conversion -Wno-constant-conversion -Wno-int-conversion -Wno-bool-conversion -Wno-enum-conversion -Wno-float-conversion -Wno-non-literal-null-conversion -Wno-objc-literal-conversion -Wno-shorten-64-to-32 -Wpointer-sign -Wno-newline-eof -DCMAKE_INTDIR=\"Debug\" -isysroot /Applications/Xcode.app/Contents/Developer/Platforms/MacOSX.platform/Developer/SDKs/MacOSX10.13.sdk -fasm-blocks -fstrict-aliasing -Wdeprecated-declarations -mmacosx-version-min=10.13 -g -Wno-sign-conversion -Wno-infinite-recursion -Wno-comma -Wno-block-capture-autoreleasing -Wno-strict-prototypes -I/Users/jamesfolk/Documents/NJLI/TESTBED/test_project_repo/_build_macOS/CMakeFiles/CMakeTmp/Debug/include -I/Users/jamesfolk/Documents/NJLI/TESTBED/test_project_repo/_build_macOS/CMakeFiles/CMakeTmp/CMAKE_TRY_COMPILE.build/Debug/cmTC_c8dd0.build/DerivedSources/x86_64 -I/Users/jamesfolk/Documents/NJLI/TESTBED/test_project_repo/_build_macOS/CMakeFiles/CMakeTmp/CMAKE_TRY_COMPILE.build/Debug/cmTC_c8dd0.build/DerivedSources -Wmost -Wno-four-char-constants -Wno-unknown-pragmas -F/Users/jamesfolk/Documents/NJLI/TESTBED/test_project_repo/_build_macOS/CMakeFiles/CMakeTmp/Debug -DHAVE_ALTIVEC -maltivec -MMD -MT dependencies -MF /Users/jamesfolk/Documents/NJLI/TESTBED/test_project_repo/_build_macOS/CMakeFiles/CMakeTmp/CMAKE_TRY_COMPILE.build/Debug/cmTC_c8dd0.build/Objects-normal/x86_64/src.d --serialize-diagnostics /Users/jamesfolk/Documents/NJLI/TESTBED/test_project_repo/_build_macOS/CMakeFiles/CMakeTmp/CMAKE_TRY_COMPILE.build/Debug/cmTC_c8dd0.build/Objects-normal/x86_64/src.dia -c /Users/jamesfolk/Documents/NJLI/TESTBED/test_project_repo/_build_macOS/CMakeFiles/CMakeTmp/src.c -o /Users/jamesfolk/Documents/NJLI/TESTBED/test_project_repo/_build_macOS/CMakeFiles/CMakeTmp/CMAKE_TRY_COMPILE.build/Debug/cmTC_c8dd0.build/Objects-normal/x86_64/src.o
clang: error: invalid argument '-faltivec' only allowed with 'ppc/ppc64/ppc64le'

** BUILD FAILED **


The following build commands failed:
	CompileC CMAKE_TRY_COMPILE.build/Debug/cmTC_c8dd0.build/Objects-normal/x86_64/src.o src.c normal x86_64 c com.apple.compilers.llvm.clang.1_0.compiler
(1 failure)

Source file was:

          vector unsigned int vzero() {
              return vec_splat_u32(0);
          }
          int main(int argc, char **argv) { }
Determining if the include file malloc.h exists failed with the following output:
Change Dir: /Users/jamesfolk/Documents/NJLI/TESTBED/test_project_repo/_build_macOS/CMakeFiles/CMakeTmp

Run Build Command:"/Applications/Xcode.app/Contents/Developer/usr/bin/xcodebuild" "-project" "CMAKE_TRY_COMPILE.xcodeproj" "build" "-target" "cmTC_dde93" "-configuration" "Debug"
=== BUILD TARGET cmTC_dde93 OF PROJECT CMAKE_TRY_COMPILE WITH CONFIGURATION Debug ===

Check dependencies

Write auxiliary files
/bin/mkdir -p /Users/jamesfolk/Documents/NJLI/TESTBED/test_project_repo/_build_macOS/CMakeFiles/CMakeTmp/CMAKE_TRY_COMPILE.build/Debug/cmTC_dde93.build/Objects-normal/x86_64
write-file /Users/jamesfolk/Documents/NJLI/TESTBED/test_project_repo/_build_macOS/CMakeFiles/CMakeTmp/CMAKE_TRY_COMPILE.build/Debug/cmTC_dde93.build/Objects-normal/x86_64/cmTC_dde93.LinkFileList

CompileC CMAKE_TRY_COMPILE.build/Debug/cmTC_dde93.build/Objects-normal/x86_64/CheckIncludeFile.o CheckIncludeFile.c normal x86_64 c com.apple.compilers.llvm.clang.1_0.compiler
    cd /Users/jamesfolk/Documents/NJLI/TESTBED/test_project_repo/_build_macOS/CMakeFiles/CMakeTmp
    export LANG=en_US.US-ASCII
    /Applications/Xcode.app/Contents/Developer/Toolchains/XcodeDefault.xctoolchain/usr/bin/clang -x c -arch x86_64 -fmessage-length=0 -fdiagnostics-show-note-include-stack -fmacro-backtrace-limit=0 -Wno-trigraphs -fpascal-strings -O0 -Wno-missing-field-initializers -Wno-missing-prototypes -Wno-return-type -Wno-missing-braces -Wparentheses -Wswitch -Wno-unused-function -Wno-unused-label -Wno-unused-parameter -Wno-unused-variable -Wunused-value -Wno-empty-body -Wno-uninitialized -Wno-unknown-pragmas -Wno-shadow -Wno-four-char-constants -Wno-conversion -Wno-constant-conversion -Wno-int-conversion -Wno-bool-conversion -Wno-enum-conversion -Wno-float-conversion -Wno-non-literal-null-conversion -Wno-objc-literal-conversion -Wno-shorten-64-to-32 -Wpointer-sign -Wno-newline-eof -DCMAKE_INTDIR=\"Debug\" -isysroot /Applications/Xcode.app/Contents/Developer/Platforms/MacOSX.platform/Developer/SDKs/MacOSX10.13.sdk -fasm-blocks -fstrict-aliasing -Wdeprecated-declarations -mmacosx-version-min=10.13 -g -Wno-sign-conversion -Wno-infinite-recursion -Wno-comma -Wno-block-capture-autoreleasing -Wno-strict-prototypes -I/Users/jamesfolk/Documents/NJLI/TESTBED/test_project_repo/_build_macOS/CMakeFiles/CMakeTmp/Debug/include -I/Users/jamesfolk/Documents/NJLI/TESTBED/test_project_repo/_build_macOS/CMakeFiles/CMakeTmp/CMAKE_TRY_COMPILE.build/Debug/cmTC_dde93.build/DerivedSources/x86_64 -I/Users/jamesfolk/Documents/NJLI/TESTBED/test_project_repo/_build_macOS/CMakeFiles/CMakeTmp/CMAKE_TRY_COMPILE.build/Debug/cmTC_dde93.build/DerivedSources -Wmost -Wno-four-char-constants -Wno-unknown-pragmas -F/Users/jamesfolk/Documents/NJLI/TESTBED/test_project_repo/_build_macOS/CMakeFiles/CMakeTmp/Debug -MMD -MT dependencies -MF /Users/jamesfolk/Documents/NJLI/TESTBED/test_project_repo/_build_macOS/CMakeFiles/CMakeTmp/CMAKE_TRY_COMPILE.build/Debug/cmTC_dde93.build/Objects-normal/x86_64/CheckIncludeFile.d --serialize-diagnostics /Users/jamesfolk/Documents/NJLI/TESTBED/test_project_repo/_build_macOS/CMakeFiles/CMakeTmp/CMAKE_TRY_COMPILE.build/Debug/cmTC_dde93.build/Objects-normal/x86_64/CheckIncludeFile.dia -c /Users/jamesfolk/Documents/NJLI/TESTBED/test_project_repo/_build_macOS/CMakeFiles/CMakeTmp/CheckIncludeFile.c -o /Users/jamesfolk/Documents/NJLI/TESTBED/test_project_repo/_build_macOS/CMakeFiles/CMakeTmp/CMAKE_TRY_COMPILE.build/Debug/cmTC_dde93.build/Objects-normal/x86_64/CheckIncludeFile.o
/Users/jamesfolk/Documents/NJLI/TESTBED/test_project_repo/_build_macOS/CMakeFiles/CMakeTmp/CheckIncludeFile.c:1:10: fatal error: 'malloc.h' file not found
#include <malloc.h>
         ^~~~~~~~~~
1 error generated.

** BUILD FAILED **


The following build commands failed:
	CompileC CMAKE_TRY_COMPILE.build/Debug/cmTC_dde93.build/Objects-normal/x86_64/CheckIncludeFile.o CheckIncludeFile.c normal x86_64 c com.apple.compilers.llvm.clang.1_0.compiler
(1 failure)


Determining if the function _strrev exists failed with the following output:
Change Dir: /Users/jamesfolk/Documents/NJLI/TESTBED/test_project_repo/_build_macOS/CMakeFiles/CMakeTmp

Run Build Command:"/Applications/Xcode.app/Contents/Developer/usr/bin/xcodebuild" "-project" "CMAKE_TRY_COMPILE.xcodeproj" "build" "-target" "cmTC_b8e15" "-configuration" "Debug"
=== BUILD TARGET cmTC_b8e15 OF PROJECT CMAKE_TRY_COMPILE WITH CONFIGURATION Debug ===

Check dependencies

Write auxiliary files
/bin/mkdir -p /Users/jamesfolk/Documents/NJLI/TESTBED/test_project_repo/_build_macOS/CMakeFiles/CMakeTmp/CMAKE_TRY_COMPILE.build/Debug/cmTC_b8e15.build/Objects-normal/x86_64
write-file /Users/jamesfolk/Documents/NJLI/TESTBED/test_project_repo/_build_macOS/CMakeFiles/CMakeTmp/CMAKE_TRY_COMPILE.build/Debug/cmTC_b8e15.build/Objects-normal/x86_64/cmTC_b8e15.LinkFileList

CompileC CMAKE_TRY_COMPILE.build/Debug/cmTC_b8e15.build/Objects-normal/x86_64/CheckFunctionExists.o /usr/local/Cellar/cmake/3.9.4_1/share/cmake/Modules/CheckFunctionExists.c normal x86_64 c com.apple.compilers.llvm.clang.1_0.compiler
    cd /Users/jamesfolk/Documents/NJLI/TESTBED/test_project_repo/_build_macOS/CMakeFiles/CMakeTmp
    export LANG=en_US.US-ASCII
    /Applications/Xcode.app/Contents/Developer/Toolchains/XcodeDefault.xctoolchain/usr/bin/clang -x c -arch x86_64 -fmessage-length=0 -fdiagnostics-show-note-include-stack -fmacro-backtrace-limit=0 -Wno-trigraphs -fpascal-strings -O0 -Wno-missing-field-initializers -Wno-missing-prototypes -Wno-return-type -Wno-missing-braces -Wparentheses -Wswitch -Wno-unused-function -Wno-unused-label -Wno-unused-parameter -Wno-unused-variable -Wunused-value -Wno-empty-body -Wno-uninitialized -Wno-unknown-pragmas -Wno-shadow -Wno-four-char-constants -Wno-conversion -Wno-constant-conversion -Wno-int-conversion -Wno-bool-conversion -Wno-enum-conversion -Wno-float-conversion -Wno-non-literal-null-conversion -Wno-objc-literal-conversion -Wno-shorten-64-to-32 -Wpointer-sign -Wno-newline-eof -DCMAKE_INTDIR=\"Debug\" -isysroot /Applications/Xcode.app/Contents/Developer/Platforms/MacOSX.platform/Developer/SDKs/MacOSX10.13.sdk -fasm-blocks -fstrict-aliasing -Wdeprecated-declarations -mmacosx-version-min=10.13 -g -Wno-sign-conversion -Wno-infinite-recursion -Wno-comma -Wno-block-capture-autoreleasing -Wno-strict-prototypes -I/Users/jamesfolk/Documents/NJLI/TESTBED/test_project_repo/_build_macOS/CMakeFiles/CMakeTmp/Debug/include -I/Users/jamesfolk/Documents/NJLI/TESTBED/test_project_repo/_build_macOS/CMakeFiles/CMakeTmp/CMAKE_TRY_COMPILE.build/Debug/cmTC_b8e15.build/DerivedSources/x86_64 -I/Users/jamesfolk/Documents/NJLI/TESTBED/test_project_repo/_build_macOS/CMakeFiles/CMakeTmp/CMAKE_TRY_COMPILE.build/Debug/cmTC_b8e15.build/DerivedSources -Wmost -Wno-four-char-constants -Wno-unknown-pragmas -F/Users/jamesfolk/Documents/NJLI/TESTBED/test_project_repo/_build_macOS/CMakeFiles/CMakeTmp/Debug -DCHECK_FUNCTION_EXISTS=_strrev -MMD -MT dependencies -MF /Users/jamesfolk/Documents/NJLI/TESTBED/test_project_repo/_build_macOS/CMakeFiles/CMakeTmp/CMAKE_TRY_COMPILE.build/Debug/cmTC_b8e15.build/Objects-normal/x86_64/CheckFunctionExists.d --serialize-diagnostics /Users/jamesfolk/Documents/NJLI/TESTBED/test_project_repo/_build_macOS/CMakeFiles/CMakeTmp/CMAKE_TRY_COMPILE.build/Debug/cmTC_b8e15.build/Objects-normal/x86_64/CheckFunctionExists.dia -c /usr/local/Cellar/cmake/3.9.4_1/share/cmake/Modules/CheckFunctionExists.c -o /Users/jamesfolk/Documents/NJLI/TESTBED/test_project_repo/_build_macOS/CMakeFiles/CMakeTmp/CMAKE_TRY_COMPILE.build/Debug/cmTC_b8e15.build/Objects-normal/x86_64/CheckFunctionExists.o

Ld Debug/cmTC_b8e15 normal x86_64
    cd /Users/jamesfolk/Documents/NJLI/TESTBED/test_project_repo/_build_macOS/CMakeFiles/CMakeTmp
    export MACOSX_DEPLOYMENT_TARGET=10.13
    /Applications/Xcode.app/Contents/Developer/Toolchains/XcodeDefault.xctoolchain/usr/bin/clang -arch x86_64 -isysroot /Applications/Xcode.app/Contents/Developer/Platforms/MacOSX.platform/Developer/SDKs/MacOSX10.13.sdk -L/Users/jamesfolk/Documents/NJLI/TESTBED/test_project_repo/_build_macOS/CMakeFiles/CMakeTmp/Debug -F/Users/jamesfolk/Documents/NJLI/TESTBED/test_project_repo/_build_macOS/CMakeFiles/CMakeTmp/Debug -filelist /Users/jamesfolk/Documents/NJLI/TESTBED/test_project_repo/_build_macOS/CMakeFiles/CMakeTmp/CMAKE_TRY_COMPILE.build/Debug/cmTC_b8e15.build/Objects-normal/x86_64/cmTC_b8e15.LinkFileList -mmacosx-version-min=10.13 -Xlinker -object_path_lto -Xlinker /Users/jamesfolk/Documents/NJLI/TESTBED/test_project_repo/_build_macOS/CMakeFiles/CMakeTmp/CMAKE_TRY_COMPILE.build/Debug/cmTC_b8e15.build/Objects-normal/x86_64/cmTC_b8e15_lto.o -Xlinker -no_deduplicate -Wl,-search_paths_first -Wl,-headerpad_max_install_names -Xlinker -dependency_info -Xlinker /Users/jamesfolk/Documents/NJLI/TESTBED/test_project_repo/_build_macOS/CMakeFiles/CMakeTmp/CMAKE_TRY_COMPILE.build/Debug/cmTC_b8e15.build/Objects-normal/x86_64/cmTC_b8e15_dependency_info.dat -o /Users/jamesfolk/Documents/NJLI/TESTBED/test_project_repo/_build_macOS/CMakeFiles/CMakeTmp/Debug/cmTC_b8e15
Undefined symbols for architecture x86_64:
  "__strrev", referenced from:
      _main in CheckFunctionExists.o
ld: symbol(s) not found for architecture x86_64
clang: error: linker command failed with exit code 1 (use -v to see invocation)

** BUILD FAILED **


The following build commands failed:
	Ld Debug/cmTC_b8e15 normal x86_64
(1 failure)


Determining if the function _strupr exists failed with the following output:
Change Dir: /Users/jamesfolk/Documents/NJLI/TESTBED/test_project_repo/_build_macOS/CMakeFiles/CMakeTmp

Run Build Command:"/Applications/Xcode.app/Contents/Developer/usr/bin/xcodebuild" "-project" "CMAKE_TRY_COMPILE.xcodeproj" "build" "-target" "cmTC_380d5" "-configuration" "Debug"
=== BUILD TARGET cmTC_380d5 OF PROJECT CMAKE_TRY_COMPILE WITH CONFIGURATION Debug ===

Check dependencies

Write auxiliary files
/bin/mkdir -p /Users/jamesfolk/Documents/NJLI/TESTBED/test_project_repo/_build_macOS/CMakeFiles/CMakeTmp/CMAKE_TRY_COMPILE.build/Debug/cmTC_380d5.build/Objects-normal/x86_64
write-file /Users/jamesfolk/Documents/NJLI/TESTBED/test_project_repo/_build_macOS/CMakeFiles/CMakeTmp/CMAKE_TRY_COMPILE.build/Debug/cmTC_380d5.build/Objects-normal/x86_64/cmTC_380d5.LinkFileList

CompileC CMAKE_TRY_COMPILE.build/Debug/cmTC_380d5.build/Objects-normal/x86_64/CheckFunctionExists.o /usr/local/Cellar/cmake/3.9.4_1/share/cmake/Modules/CheckFunctionExists.c normal x86_64 c com.apple.compilers.llvm.clang.1_0.compiler
    cd /Users/jamesfolk/Documents/NJLI/TESTBED/test_project_repo/_build_macOS/CMakeFiles/CMakeTmp
    export LANG=en_US.US-ASCII
    /Applications/Xcode.app/Contents/Developer/Toolchains/XcodeDefault.xctoolchain/usr/bin/clang -x c -arch x86_64 -fmessage-length=0 -fdiagnostics-show-note-include-stack -fmacro-backtrace-limit=0 -Wno-trigraphs -fpascal-strings -O0 -Wno-missing-field-initializers -Wno-missing-prototypes -Wno-return-type -Wno-missing-braces -Wparentheses -Wswitch -Wno-unused-function -Wno-unused-label -Wno-unused-parameter -Wno-unused-variable -Wunused-value -Wno-empty-body -Wno-uninitialized -Wno-unknown-pragmas -Wno-shadow -Wno-four-char-constants -Wno-conversion -Wno-constant-conversion -Wno-int-conversion -Wno-bool-conversion -Wno-enum-conversion -Wno-float-conversion -Wno-non-literal-null-conversion -Wno-objc-literal-conversion -Wno-shorten-64-to-32 -Wpointer-sign -Wno-newline-eof -DCMAKE_INTDIR=\"Debug\" -isysroot /Applications/Xcode.app/Contents/Developer/Platforms/MacOSX.platform/Developer/SDKs/MacOSX10.13.sdk -fasm-blocks -fstrict-aliasing -Wdeprecated-declarations -mmacosx-version-min=10.13 -g -Wno-sign-conversion -Wno-infinite-recursion -Wno-comma -Wno-block-capture-autoreleasing -Wno-strict-prototypes -I/Users/jamesfolk/Documents/NJLI/TESTBED/test_project_repo/_build_macOS/CMakeFiles/CMakeTmp/Debug/include -I/Users/jamesfolk/Documents/NJLI/TESTBED/test_project_repo/_build_macOS/CMakeFiles/CMakeTmp/CMAKE_TRY_COMPILE.build/Debug/cmTC_380d5.build/DerivedSources/x86_64 -I/Users/jamesfolk/Documents/NJLI/TESTBED/test_project_repo/_build_macOS/CMakeFiles/CMakeTmp/CMAKE_TRY_COMPILE.build/Debug/cmTC_380d5.build/DerivedSources -Wmost -Wno-four-char-constants -Wno-unknown-pragmas -F/Users/jamesfolk/Documents/NJLI/TESTBED/test_project_repo/_build_macOS/CMakeFiles/CMakeTmp/Debug -DCHECK_FUNCTION_EXISTS=_strupr -MMD -MT dependencies -MF /Users/jamesfolk/Documents/NJLI/TESTBED/test_project_repo/_build_macOS/CMakeFiles/CMakeTmp/CMAKE_TRY_COMPILE.build/Debug/cmTC_380d5.build/Objects-normal/x86_64/CheckFunctionExists.d --serialize-diagnostics /Users/jamesfolk/Documents/NJLI/TESTBED/test_project_repo/_build_macOS/CMakeFiles/CMakeTmp/CMAKE_TRY_COMPILE.build/Debug/cmTC_380d5.build/Objects-normal/x86_64/CheckFunctionExists.dia -c /usr/local/Cellar/cmake/3.9.4_1/share/cmake/Modules/CheckFunctionExists.c -o /Users/jamesfolk/Documents/NJLI/TESTBED/test_project_repo/_build_macOS/CMakeFiles/CMakeTmp/CMAKE_TRY_COMPILE.build/Debug/cmTC_380d5.build/Objects-normal/x86_64/CheckFunctionExists.o

Ld Debug/cmTC_380d5 normal x86_64
    cd /Users/jamesfolk/Documents/NJLI/TESTBED/test_project_repo/_build_macOS/CMakeFiles/CMakeTmp
    export MACOSX_DEPLOYMENT_TARGET=10.13
    /Applications/Xcode.app/Contents/Developer/Toolchains/XcodeDefault.xctoolchain/usr/bin/clang -arch x86_64 -isysroot /Applications/Xcode.app/Contents/Developer/Platforms/MacOSX.platform/Developer/SDKs/MacOSX10.13.sdk -L/Users/jamesfolk/Documents/NJLI/TESTBED/test_project_repo/_build_macOS/CMakeFiles/CMakeTmp/Debug -F/Users/jamesfolk/Documents/NJLI/TESTBED/test_project_repo/_build_macOS/CMakeFiles/CMakeTmp/Debug -filelist /Users/jamesfolk/Documents/NJLI/TESTBED/test_project_repo/_build_macOS/CMakeFiles/CMakeTmp/CMAKE_TRY_COMPILE.build/Debug/cmTC_380d5.build/Objects-normal/x86_64/cmTC_380d5.LinkFileList -mmacosx-version-min=10.13 -Xlinker -object_path_lto -Xlinker /Users/jamesfolk/Documents/NJLI/TESTBED/test_project_repo/_build_macOS/CMakeFiles/CMakeTmp/CMAKE_TRY_COMPILE.build/Debug/cmTC_380d5.build/Objects-normal/x86_64/cmTC_380d5_lto.o -Xlinker -no_deduplicate -Wl,-search_paths_first -Wl,-headerpad_max_install_names -Xlinker -dependency_info -Xlinker /Users/jamesfolk/Documents/NJLI/TESTBED/test_project_repo/_build_macOS/CMakeFiles/CMakeTmp/CMAKE_TRY_COMPILE.build/Debug/cmTC_380d5.build/Objects-normal/x86_64/cmTC_380d5_dependency_info.dat -o /Users/jamesfolk/Documents/NJLI/TESTBED/test_project_repo/_build_macOS/CMakeFiles/CMakeTmp/Debug/cmTC_380d5
Undefined symbols for architecture x86_64:
  "__strupr", referenced from:
      _main in CheckFunctionExists.o
ld: symbol(s) not found for architecture x86_64
clang: error: linker command failed with exit code 1 (use -v to see invocation)

** BUILD FAILED **


The following build commands failed:
	Ld Debug/cmTC_380d5 normal x86_64
(1 failure)


Determining if the function _strlwr exists failed with the following output:
Change Dir: /Users/jamesfolk/Documents/NJLI/TESTBED/test_project_repo/_build_macOS/CMakeFiles/CMakeTmp

Run Build Command:"/Applications/Xcode.app/Contents/Developer/usr/bin/xcodebuild" "-project" "CMAKE_TRY_COMPILE.xcodeproj" "build" "-target" "cmTC_7697d" "-configuration" "Debug"
=== BUILD TARGET cmTC_7697d OF PROJECT CMAKE_TRY_COMPILE WITH CONFIGURATION Debug ===

Check dependencies

Write auxiliary files
/bin/mkdir -p /Users/jamesfolk/Documents/NJLI/TESTBED/test_project_repo/_build_macOS/CMakeFiles/CMakeTmp/CMAKE_TRY_COMPILE.build/Debug/cmTC_7697d.build/Objects-normal/x86_64
write-file /Users/jamesfolk/Documents/NJLI/TESTBED/test_project_repo/_build_macOS/CMakeFiles/CMakeTmp/CMAKE_TRY_COMPILE.build/Debug/cmTC_7697d.build/Objects-normal/x86_64/cmTC_7697d.LinkFileList

CompileC CMAKE_TRY_COMPILE.build/Debug/cmTC_7697d.build/Objects-normal/x86_64/CheckFunctionExists.o /usr/local/Cellar/cmake/3.9.4_1/share/cmake/Modules/CheckFunctionExists.c normal x86_64 c com.apple.compilers.llvm.clang.1_0.compiler
    cd /Users/jamesfolk/Documents/NJLI/TESTBED/test_project_repo/_build_macOS/CMakeFiles/CMakeTmp
    export LANG=en_US.US-ASCII
    /Applications/Xcode.app/Contents/Developer/Toolchains/XcodeDefault.xctoolchain/usr/bin/clang -x c -arch x86_64 -fmessage-length=0 -fdiagnostics-show-note-include-stack -fmacro-backtrace-limit=0 -Wno-trigraphs -fpascal-strings -O0 -Wno-missing-field-initializers -Wno-missing-prototypes -Wno-return-type -Wno-missing-braces -Wparentheses -Wswitch -Wno-unused-function -Wno-unused-label -Wno-unused-parameter -Wno-unused-variable -Wunused-value -Wno-empty-body -Wno-uninitialized -Wno-unknown-pragmas -Wno-shadow -Wno-four-char-constants -Wno-conversion -Wno-constant-conversion -Wno-int-conversion -Wno-bool-conversion -Wno-enum-conversion -Wno-float-conversion -Wno-non-literal-null-conversion -Wno-objc-literal-conversion -Wno-shorten-64-to-32 -Wpointer-sign -Wno-newline-eof -DCMAKE_INTDIR=\"Debug\" -isysroot /Applications/Xcode.app/Contents/Developer/Platforms/MacOSX.platform/Developer/SDKs/MacOSX10.13.sdk -fasm-blocks -fstrict-aliasing -Wdeprecated-declarations -mmacosx-version-min=10.13 -g -Wno-sign-conversion -Wno-infinite-recursion -Wno-comma -Wno-block-capture-autoreleasing -Wno-strict-prototypes -I/Users/jamesfolk/Documents/NJLI/TESTBED/test_project_repo/_build_macOS/CMakeFiles/CMakeTmp/Debug/include -I/Users/jamesfolk/Documents/NJLI/TESTBED/test_project_repo/_build_macOS/CMakeFiles/CMakeTmp/CMAKE_TRY_COMPILE.build/Debug/cmTC_7697d.build/DerivedSources/x86_64 -I/Users/jamesfolk/Documents/NJLI/TESTBED/test_project_repo/_build_macOS/CMakeFiles/CMakeTmp/CMAKE_TRY_COMPILE.build/Debug/cmTC_7697d.build/DerivedSources -Wmost -Wno-four-char-constants -Wno-unknown-pragmas -F/Users/jamesfolk/Documents/NJLI/TESTBED/test_project_repo/_build_macOS/CMakeFiles/CMakeTmp/Debug -DCHECK_FUNCTION_EXISTS=_strlwr -MMD -MT dependencies -MF /Users/jamesfolk/Documents/NJLI/TESTBED/test_project_repo/_build_macOS/CMakeFiles/CMakeTmp/CMAKE_TRY_COMPILE.build/Debug/cmTC_7697d.build/Objects-normal/x86_64/CheckFunctionExists.d --serialize-diagnostics /Users/jamesfolk/Documents/NJLI/TESTBED/test_project_repo/_build_macOS/CMakeFiles/CMakeTmp/CMAKE_TRY_COMPILE.build/Debug/cmTC_7697d.build/Objects-normal/x86_64/CheckFunctionExists.dia -c /usr/local/Cellar/cmake/3.9.4_1/share/cmake/Modules/CheckFunctionExists.c -o /Users/jamesfolk/Documents/NJLI/TESTBED/test_project_repo/_build_macOS/CMakeFiles/CMakeTmp/CMAKE_TRY_COMPILE.build/Debug/cmTC_7697d.build/Objects-normal/x86_64/CheckFunctionExists.o

Ld Debug/cmTC_7697d normal x86_64
    cd /Users/jamesfolk/Documents/NJLI/TESTBED/test_project_repo/_build_macOS/CMakeFiles/CMakeTmp
    export MACOSX_DEPLOYMENT_TARGET=10.13
    /Applications/Xcode.app/Contents/Developer/Toolchains/XcodeDefault.xctoolchain/usr/bin/clang -arch x86_64 -isysroot /Applications/Xcode.app/Contents/Developer/Platforms/MacOSX.platform/Developer/SDKs/MacOSX10.13.sdk -L/Users/jamesfolk/Documents/NJLI/TESTBED/test_project_repo/_build_macOS/CMakeFiles/CMakeTmp/Debug -F/Users/jamesfolk/Documents/NJLI/TESTBED/test_project_repo/_build_macOS/CMakeFiles/CMakeTmp/Debug -filelist /Users/jamesfolk/Documents/NJLI/TESTBED/test_project_repo/_build_macOS/CMakeFiles/CMakeTmp/CMAKE_TRY_COMPILE.build/Debug/cmTC_7697d.build/Objects-normal/x86_64/cmTC_7697d.LinkFileList -mmacosx-version-min=10.13 -Xlinker -object_path_lto -Xlinker /Users/jamesfolk/Documents/NJLI/TESTBED/test_project_repo/_build_macOS/CMakeFiles/CMakeTmp/CMAKE_TRY_COMPILE.build/Debug/cmTC_7697d.build/Objects-normal/x86_64/cmTC_7697d_lto.o -Xlinker -no_deduplicate -Wl,-search_paths_first -Wl,-headerpad_max_install_names -Xlinker -dependency_info -Xlinker /Users/jamesfolk/Documents/NJLI/TESTBED/test_project_repo/_build_macOS/CMakeFiles/CMakeTmp/CMAKE_TRY_COMPILE.build/Debug/cmTC_7697d.build/Objects-normal/x86_64/cmTC_7697d_dependency_info.dat -o /Users/jamesfolk/Documents/NJLI/TESTBED/test_project_repo/_build_macOS/CMakeFiles/CMakeTmp/Debug/cmTC_7697d
Undefined symbols for architecture x86_64:
  "__strlwr", referenced from:
      _main in CheckFunctionExists.o
ld: symbol(s) not found for architecture x86_64
clang: error: linker command failed with exit code 1 (use -v to see invocation)

** BUILD FAILED **


The following build commands failed:
	Ld Debug/cmTC_7697d normal x86_64
(1 failure)


Determining if the function itoa exists failed with the following output:
Change Dir: /Users/jamesfolk/Documents/NJLI/TESTBED/test_project_repo/_build_macOS/CMakeFiles/CMakeTmp

Run Build Command:"/Applications/Xcode.app/Contents/Developer/usr/bin/xcodebuild" "-project" "CMAKE_TRY_COMPILE.xcodeproj" "build" "-target" "cmTC_6ccc6" "-configuration" "Debug"
=== BUILD TARGET cmTC_6ccc6 OF PROJECT CMAKE_TRY_COMPILE WITH CONFIGURATION Debug ===

Check dependencies

Write auxiliary files
/bin/mkdir -p /Users/jamesfolk/Documents/NJLI/TESTBED/test_project_repo/_build_macOS/CMakeFiles/CMakeTmp/CMAKE_TRY_COMPILE.build/Debug/cmTC_6ccc6.build/Objects-normal/x86_64
write-file /Users/jamesfolk/Documents/NJLI/TESTBED/test_project_repo/_build_macOS/CMakeFiles/CMakeTmp/CMAKE_TRY_COMPILE.build/Debug/cmTC_6ccc6.build/Objects-normal/x86_64/cmTC_6ccc6.LinkFileList

CompileC CMAKE_TRY_COMPILE.build/Debug/cmTC_6ccc6.build/Objects-normal/x86_64/CheckFunctionExists.o /usr/local/Cellar/cmake/3.9.4_1/share/cmake/Modules/CheckFunctionExists.c normal x86_64 c com.apple.compilers.llvm.clang.1_0.compiler
    cd /Users/jamesfolk/Documents/NJLI/TESTBED/test_project_repo/_build_macOS/CMakeFiles/CMakeTmp
    export LANG=en_US.US-ASCII
    /Applications/Xcode.app/Contents/Developer/Toolchains/XcodeDefault.xctoolchain/usr/bin/clang -x c -arch x86_64 -fmessage-length=0 -fdiagnostics-show-note-include-stack -fmacro-backtrace-limit=0 -Wno-trigraphs -fpascal-strings -O0 -Wno-missing-field-initializers -Wno-missing-prototypes -Wno-return-type -Wno-missing-braces -Wparentheses -Wswitch -Wno-unused-function -Wno-unused-label -Wno-unused-parameter -Wno-unused-variable -Wunused-value -Wno-empty-body -Wno-uninitialized -Wno-unknown-pragmas -Wno-shadow -Wno-four-char-constants -Wno-conversion -Wno-constant-conversion -Wno-int-conversion -Wno-bool-conversion -Wno-enum-conversion -Wno-float-conversion -Wno-non-literal-null-conversion -Wno-objc-literal-conversion -Wno-shorten-64-to-32 -Wpointer-sign -Wno-newline-eof -DCMAKE_INTDIR=\"Debug\" -isysroot /Applications/Xcode.app/Contents/Developer/Platforms/MacOSX.platform/Developer/SDKs/MacOSX10.13.sdk -fasm-blocks -fstrict-aliasing -Wdeprecated-declarations -mmacosx-version-min=10.13 -g -Wno-sign-conversion -Wno-infinite-recursion -Wno-comma -Wno-block-capture-autoreleasing -Wno-strict-prototypes -I/Users/jamesfolk/Documents/NJLI/TESTBED/test_project_repo/_build_macOS/CMakeFiles/CMakeTmp/Debug/include -I/Users/jamesfolk/Documents/NJLI/TESTBED/test_project_repo/_build_macOS/CMakeFiles/CMakeTmp/CMAKE_TRY_COMPILE.build/Debug/cmTC_6ccc6.build/DerivedSources/x86_64 -I/Users/jamesfolk/Documents/NJLI/TESTBED/test_project_repo/_build_macOS/CMakeFiles/CMakeTmp/CMAKE_TRY_COMPILE.build/Debug/cmTC_6ccc6.build/DerivedSources -Wmost -Wno-four-char-constants -Wno-unknown-pragmas -F/Users/jamesfolk/Documents/NJLI/TESTBED/test_project_repo/_build_macOS/CMakeFiles/CMakeTmp/Debug -DCHECK_FUNCTION_EXISTS=itoa -MMD -MT dependencies -MF /Users/jamesfolk/Documents/NJLI/TESTBED/test_project_repo/_build_macOS/CMakeFiles/CMakeTmp/CMAKE_TRY_COMPILE.build/Debug/cmTC_6ccc6.build/Objects-normal/x86_64/CheckFunctionExists.d --serialize-diagnostics /Users/jamesfolk/Documents/NJLI/TESTBED/test_project_repo/_build_macOS/CMakeFiles/CMakeTmp/CMAKE_TRY_COMPILE.build/Debug/cmTC_6ccc6.build/Objects-normal/x86_64/CheckFunctionExists.dia -c /usr/local/Cellar/cmake/3.9.4_1/share/cmake/Modules/CheckFunctionExists.c -o /Users/jamesfolk/Documents/NJLI/TESTBED/test_project_repo/_build_macOS/CMakeFiles/CMakeTmp/CMAKE_TRY_COMPILE.build/Debug/cmTC_6ccc6.build/Objects-normal/x86_64/CheckFunctionExists.o

Ld Debug/cmTC_6ccc6 normal x86_64
    cd /Users/jamesfolk/Documents/NJLI/TESTBED/test_project_repo/_build_macOS/CMakeFiles/CMakeTmp
    export MACOSX_DEPLOYMENT_TARGET=10.13
    /Applications/Xcode.app/Contents/Developer/Toolchains/XcodeDefault.xctoolchain/usr/bin/clang -arch x86_64 -isysroot /Applications/Xcode.app/Contents/Developer/Platforms/MacOSX.platform/Developer/SDKs/MacOSX10.13.sdk -L/Users/jamesfolk/Documents/NJLI/TESTBED/test_project_repo/_build_macOS/CMakeFiles/CMakeTmp/Debug -F/Users/jamesfolk/Documents/NJLI/TESTBED/test_project_repo/_build_macOS/CMakeFiles/CMakeTmp/Debug -filelist /Users/jamesfolk/Documents/NJLI/TESTBED/test_project_repo/_build_macOS/CMakeFiles/CMakeTmp/CMAKE_TRY_COMPILE.build/Debug/cmTC_6ccc6.build/Objects-normal/x86_64/cmTC_6ccc6.LinkFileList -mmacosx-version-min=10.13 -Xlinker -object_path_lto -Xlinker /Users/jamesfolk/Documents/NJLI/TESTBED/test_project_repo/_build_macOS/CMakeFiles/CMakeTmp/CMAKE_TRY_COMPILE.build/Debug/cmTC_6ccc6.build/Objects-normal/x86_64/cmTC_6ccc6_lto.o -Xlinker -no_deduplicate -Wl,-search_paths_first -Wl,-headerpad_max_install_names -Xlinker -dependency_info -Xlinker /Users/jamesfolk/Documents/NJLI/TESTBED/test_project_repo/_build_macOS/CMakeFiles/CMakeTmp/CMAKE_TRY_COMPILE.build/Debug/cmTC_6ccc6.build/Objects-normal/x86_64/cmTC_6ccc6_dependency_info.dat -o /Users/jamesfolk/Documents/NJLI/TESTBED/test_project_repo/_build_macOS/CMakeFiles/CMakeTmp/Debug/cmTC_6ccc6
Undefined symbols for architecture x86_64:
  "_itoa", referenced from:
      _main in CheckFunctionExists.o
ld: symbol(s) not found for architecture x86_64
clang: error: linker command failed with exit code 1 (use -v to see invocation)

** BUILD FAILED **


The following build commands failed:
	Ld Debug/cmTC_6ccc6 normal x86_64
(1 failure)


Determining if the function _ltoa exists failed with the following output:
Change Dir: /Users/jamesfolk/Documents/NJLI/TESTBED/test_project_repo/_build_macOS/CMakeFiles/CMakeTmp

Run Build Command:"/Applications/Xcode.app/Contents/Developer/usr/bin/xcodebuild" "-project" "CMAKE_TRY_COMPILE.xcodeproj" "build" "-target" "cmTC_656fe" "-configuration" "Debug"
=== BUILD TARGET cmTC_656fe OF PROJECT CMAKE_TRY_COMPILE WITH CONFIGURATION Debug ===

Check dependencies

Write auxiliary files
/bin/mkdir -p /Users/jamesfolk/Documents/NJLI/TESTBED/test_project_repo/_build_macOS/CMakeFiles/CMakeTmp/CMAKE_TRY_COMPILE.build/Debug/cmTC_656fe.build/Objects-normal/x86_64
write-file /Users/jamesfolk/Documents/NJLI/TESTBED/test_project_repo/_build_macOS/CMakeFiles/CMakeTmp/CMAKE_TRY_COMPILE.build/Debug/cmTC_656fe.build/Objects-normal/x86_64/cmTC_656fe.LinkFileList

CompileC CMAKE_TRY_COMPILE.build/Debug/cmTC_656fe.build/Objects-normal/x86_64/CheckFunctionExists.o /usr/local/Cellar/cmake/3.9.4_1/share/cmake/Modules/CheckFunctionExists.c normal x86_64 c com.apple.compilers.llvm.clang.1_0.compiler
    cd /Users/jamesfolk/Documents/NJLI/TESTBED/test_project_repo/_build_macOS/CMakeFiles/CMakeTmp
    export LANG=en_US.US-ASCII
    /Applications/Xcode.app/Contents/Developer/Toolchains/XcodeDefault.xctoolchain/usr/bin/clang -x c -arch x86_64 -fmessage-length=0 -fdiagnostics-show-note-include-stack -fmacro-backtrace-limit=0 -Wno-trigraphs -fpascal-strings -O0 -Wno-missing-field-initializers -Wno-missing-prototypes -Wno-return-type -Wno-missing-braces -Wparentheses -Wswitch -Wno-unused-function -Wno-unused-label -Wno-unused-parameter -Wno-unused-variable -Wunused-value -Wno-empty-body -Wno-uninitialized -Wno-unknown-pragmas -Wno-shadow -Wno-four-char-constants -Wno-conversion -Wno-constant-conversion -Wno-int-conversion -Wno-bool-conversion -Wno-enum-conversion -Wno-float-conversion -Wno-non-literal-null-conversion -Wno-objc-literal-conversion -Wno-shorten-64-to-32 -Wpointer-sign -Wno-newline-eof -DCMAKE_INTDIR=\"Debug\" -isysroot /Applications/Xcode.app/Contents/Developer/Platforms/MacOSX.platform/Developer/SDKs/MacOSX10.13.sdk -fasm-blocks -fstrict-aliasing -Wdeprecated-declarations -mmacosx-version-min=10.13 -g -Wno-sign-conversion -Wno-infinite-recursion -Wno-comma -Wno-block-capture-autoreleasing -Wno-strict-prototypes -I/Users/jamesfolk/Documents/NJLI/TESTBED/test_project_repo/_build_macOS/CMakeFiles/CMakeTmp/Debug/include -I/Users/jamesfolk/Documents/NJLI/TESTBED/test_project_repo/_build_macOS/CMakeFiles/CMakeTmp/CMAKE_TRY_COMPILE.build/Debug/cmTC_656fe.build/DerivedSources/x86_64 -I/Users/jamesfolk/Documents/NJLI/TESTBED/test_project_repo/_build_macOS/CMakeFiles/CMakeTmp/CMAKE_TRY_COMPILE.build/Debug/cmTC_656fe.build/DerivedSources -Wmost -Wno-four-char-constants -Wno-unknown-pragmas -F/Users/jamesfolk/Documents/NJLI/TESTBED/test_project_repo/_build_macOS/CMakeFiles/CMakeTmp/Debug -DCHECK_FUNCTION_EXISTS=_ltoa -MMD -MT dependencies -MF /Users/jamesfolk/Documents/NJLI/TESTBED/test_project_repo/_build_macOS/CMakeFiles/CMakeTmp/CMAKE_TRY_COMPILE.build/Debug/cmTC_656fe.build/Objects-normal/x86_64/CheckFunctionExists.d --serialize-diagnostics /Users/jamesfolk/Documents/NJLI/TESTBED/test_project_repo/_build_macOS/CMakeFiles/CMakeTmp/CMAKE_TRY_COMPILE.build/Debug/cmTC_656fe.build/Objects-normal/x86_64/CheckFunctionExists.dia -c /usr/local/Cellar/cmake/3.9.4_1/share/cmake/Modules/CheckFunctionExists.c -o /Users/jamesfolk/Documents/NJLI/TESTBED/test_project_repo/_build_macOS/CMakeFiles/CMakeTmp/CMAKE_TRY_COMPILE.build/Debug/cmTC_656fe.build/Objects-normal/x86_64/CheckFunctionExists.o

Ld Debug/cmTC_656fe normal x86_64
    cd /Users/jamesfolk/Documents/NJLI/TESTBED/test_project_repo/_build_macOS/CMakeFiles/CMakeTmp
    export MACOSX_DEPLOYMENT_TARGET=10.13
    /Applications/Xcode.app/Contents/Developer/Toolchains/XcodeDefault.xctoolchain/usr/bin/clang -arch x86_64 -isysroot /Applications/Xcode.app/Contents/Developer/Platforms/MacOSX.platform/Developer/SDKs/MacOSX10.13.sdk -L/Users/jamesfolk/Documents/NJLI/TESTBED/test_project_repo/_build_macOS/CMakeFiles/CMakeTmp/Debug -F/Users/jamesfolk/Documents/NJLI/TESTBED/test_project_repo/_build_macOS/CMakeFiles/CMakeTmp/Debug -filelist /Users/jamesfolk/Documents/NJLI/TESTBED/test_project_repo/_build_macOS/CMakeFiles/CMakeTmp/CMAKE_TRY_COMPILE.build/Debug/cmTC_656fe.build/Objects-normal/x86_64/cmTC_656fe.LinkFileList -mmacosx-version-min=10.13 -Xlinker -object_path_lto -Xlinker /Users/jamesfolk/Documents/NJLI/TESTBED/test_project_repo/_build_macOS/CMakeFiles/CMakeTmp/CMAKE_TRY_COMPILE.build/Debug/cmTC_656fe.build/Objects-normal/x86_64/cmTC_656fe_lto.o -Xlinker -no_deduplicate -Wl,-search_paths_first -Wl,-headerpad_max_install_names -Xlinker -dependency_info -Xlinker /Users/jamesfolk/Documents/NJLI/TESTBED/test_project_repo/_build_macOS/CMakeFiles/CMakeTmp/CMAKE_TRY_COMPILE.build/Debug/cmTC_656fe.build/Objects-normal/x86_64/cmTC_656fe_dependency_info.dat -o /Users/jamesfolk/Documents/NJLI/TESTBED/test_project_repo/_build_macOS/CMakeFiles/CMakeTmp/Debug/cmTC_656fe
Undefined symbols for architecture x86_64:
  "__ltoa", referenced from:
      _main in CheckFunctionExists.o
ld: symbol(s) not found for architecture x86_64
clang: error: linker command failed with exit code 1 (use -v to see invocation)

** BUILD FAILED **


The following build commands failed:
	Ld Debug/cmTC_656fe normal x86_64
(1 failure)


Determining if the function _uitoa exists failed with the following output:
Change Dir: /Users/jamesfolk/Documents/NJLI/TESTBED/test_project_repo/_build_macOS/CMakeFiles/CMakeTmp

Run Build Command:"/Applications/Xcode.app/Contents/Developer/usr/bin/xcodebuild" "-project" "CMAKE_TRY_COMPILE.xcodeproj" "build" "-target" "cmTC_cf0d8" "-configuration" "Debug"
=== BUILD TARGET cmTC_cf0d8 OF PROJECT CMAKE_TRY_COMPILE WITH CONFIGURATION Debug ===

Check dependencies

Write auxiliary files
/bin/mkdir -p /Users/jamesfolk/Documents/NJLI/TESTBED/test_project_repo/_build_macOS/CMakeFiles/CMakeTmp/CMAKE_TRY_COMPILE.build/Debug/cmTC_cf0d8.build/Objects-normal/x86_64
write-file /Users/jamesfolk/Documents/NJLI/TESTBED/test_project_repo/_build_macOS/CMakeFiles/CMakeTmp/CMAKE_TRY_COMPILE.build/Debug/cmTC_cf0d8.build/Objects-normal/x86_64/cmTC_cf0d8.LinkFileList

CompileC CMAKE_TRY_COMPILE.build/Debug/cmTC_cf0d8.build/Objects-normal/x86_64/CheckFunctionExists.o /usr/local/Cellar/cmake/3.9.4_1/share/cmake/Modules/CheckFunctionExists.c normal x86_64 c com.apple.compilers.llvm.clang.1_0.compiler
    cd /Users/jamesfolk/Documents/NJLI/TESTBED/test_project_repo/_build_macOS/CMakeFiles/CMakeTmp
    export LANG=en_US.US-ASCII
    /Applications/Xcode.app/Contents/Developer/Toolchains/XcodeDefault.xctoolchain/usr/bin/clang -x c -arch x86_64 -fmessage-length=0 -fdiagnostics-show-note-include-stack -fmacro-backtrace-limit=0 -Wno-trigraphs -fpascal-strings -O0 -Wno-missing-field-initializers -Wno-missing-prototypes -Wno-return-type -Wno-missing-braces -Wparentheses -Wswitch -Wno-unused-function -Wno-unused-label -Wno-unused-parameter -Wno-unused-variable -Wunused-value -Wno-empty-body -Wno-uninitialized -Wno-unknown-pragmas -Wno-shadow -Wno-four-char-constants -Wno-conversion -Wno-constant-conversion -Wno-int-conversion -Wno-bool-conversion -Wno-enum-conversion -Wno-float-conversion -Wno-non-literal-null-conversion -Wno-objc-literal-conversion -Wno-shorten-64-to-32 -Wpointer-sign -Wno-newline-eof -DCMAKE_INTDIR=\"Debug\" -isysroot /Applications/Xcode.app/Contents/Developer/Platforms/MacOSX.platform/Developer/SDKs/MacOSX10.13.sdk -fasm-blocks -fstrict-aliasing -Wdeprecated-declarations -mmacosx-version-min=10.13 -g -Wno-sign-conversion -Wno-infinite-recursion -Wno-comma -Wno-block-capture-autoreleasing -Wno-strict-prototypes -I/Users/jamesfolk/Documents/NJLI/TESTBED/test_project_repo/_build_macOS/CMakeFiles/CMakeTmp/Debug/include -I/Users/jamesfolk/Documents/NJLI/TESTBED/test_project_repo/_build_macOS/CMakeFiles/CMakeTmp/CMAKE_TRY_COMPILE.build/Debug/cmTC_cf0d8.build/DerivedSources/x86_64 -I/Users/jamesfolk/Documents/NJLI/TESTBED/test_project_repo/_build_macOS/CMakeFiles/CMakeTmp/CMAKE_TRY_COMPILE.build/Debug/cmTC_cf0d8.build/DerivedSources -Wmost -Wno-four-char-constants -Wno-unknown-pragmas -F/Users/jamesfolk/Documents/NJLI/TESTBED/test_project_repo/_build_macOS/CMakeFiles/CMakeTmp/Debug -DCHECK_FUNCTION_EXISTS=_uitoa -MMD -MT dependencies -MF /Users/jamesfolk/Documents/NJLI/TESTBED/test_project_repo/_build_macOS/CMakeFiles/CMakeTmp/CMAKE_TRY_COMPILE.build/Debug/cmTC_cf0d8.build/Objects-normal/x86_64/CheckFunctionExists.d --serialize-diagnostics /Users/jamesfolk/Documents/NJLI/TESTBED/test_project_repo/_build_macOS/CMakeFiles/CMakeTmp/CMAKE_TRY_COMPILE.build/Debug/cmTC_cf0d8.build/Objects-normal/x86_64/CheckFunctionExists.dia -c /usr/local/Cellar/cmake/3.9.4_1/share/cmake/Modules/CheckFunctionExists.c -o /Users/jamesfolk/Documents/NJLI/TESTBED/test_project_repo/_build_macOS/CMakeFiles/CMakeTmp/CMAKE_TRY_COMPILE.build/Debug/cmTC_cf0d8.build/Objects-normal/x86_64/CheckFunctionExists.o

Ld Debug/cmTC_cf0d8 normal x86_64
    cd /Users/jamesfolk/Documents/NJLI/TESTBED/test_project_repo/_build_macOS/CMakeFiles/CMakeTmp
    export MACOSX_DEPLOYMENT_TARGET=10.13
    /Applications/Xcode.app/Contents/Developer/Toolchains/XcodeDefault.xctoolchain/usr/bin/clang -arch x86_64 -isysroot /Applications/Xcode.app/Contents/Developer/Platforms/MacOSX.platform/Developer/SDKs/MacOSX10.13.sdk -L/Users/jamesfolk/Documents/NJLI/TESTBED/test_project_repo/_build_macOS/CMakeFiles/CMakeTmp/Debug -F/Users/jamesfolk/Documents/NJLI/TESTBED/test_project_repo/_build_macOS/CMakeFiles/CMakeTmp/Debug -filelist /Users/jamesfolk/Documents/NJLI/TESTBED/test_project_repo/_build_macOS/CMakeFiles/CMakeTmp/CMAKE_TRY_COMPILE.build/Debug/cmTC_cf0d8.build/Objects-normal/x86_64/cmTC_cf0d8.LinkFileList -mmacosx-version-min=10.13 -Xlinker -object_path_lto -Xlinker /Users/jamesfolk/Documents/NJLI/TESTBED/test_project_repo/_build_macOS/CMakeFiles/CMakeTmp/CMAKE_TRY_COMPILE.build/Debug/cmTC_cf0d8.build/Objects-normal/x86_64/cmTC_cf0d8_lto.o -Xlinker -no_deduplicate -Wl,-search_paths_first -Wl,-headerpad_max_install_names -Xlinker -dependency_info -Xlinker /Users/jamesfolk/Documents/NJLI/TESTBED/test_project_repo/_build_macOS/CMakeFiles/CMakeTmp/CMAKE_TRY_COMPILE.build/Debug/cmTC_cf0d8.build/Objects-normal/x86_64/cmTC_cf0d8_dependency_info.dat -o /Users/jamesfolk/Documents/NJLI/TESTBED/test_project_repo/_build_macOS/CMakeFiles/CMakeTmp/Debug/cmTC_cf0d8
Undefined symbols for architecture x86_64:
  "__uitoa", referenced from:
      _main in CheckFunctionExists.o
ld: symbol(s) not found for architecture x86_64
clang: error: linker command failed with exit code 1 (use -v to see invocation)

** BUILD FAILED **


The following build commands failed:
	Ld Debug/cmTC_cf0d8 normal x86_64
(1 failure)


Determining if the function _ultoa exists failed with the following output:
Change Dir: /Users/jamesfolk/Documents/NJLI/TESTBED/test_project_repo/_build_macOS/CMakeFiles/CMakeTmp

Run Build Command:"/Applications/Xcode.app/Contents/Developer/usr/bin/xcodebuild" "-project" "CMAKE_TRY_COMPILE.xcodeproj" "build" "-target" "cmTC_17035" "-configuration" "Debug"
=== BUILD TARGET cmTC_17035 OF PROJECT CMAKE_TRY_COMPILE WITH CONFIGURATION Debug ===

Check dependencies

Write auxiliary files
/bin/mkdir -p /Users/jamesfolk/Documents/NJLI/TESTBED/test_project_repo/_build_macOS/CMakeFiles/CMakeTmp/CMAKE_TRY_COMPILE.build/Debug/cmTC_17035.build/Objects-normal/x86_64
write-file /Users/jamesfolk/Documents/NJLI/TESTBED/test_project_repo/_build_macOS/CMakeFiles/CMakeTmp/CMAKE_TRY_COMPILE.build/Debug/cmTC_17035.build/Objects-normal/x86_64/cmTC_17035.LinkFileList

CompileC CMAKE_TRY_COMPILE.build/Debug/cmTC_17035.build/Objects-normal/x86_64/CheckFunctionExists.o /usr/local/Cellar/cmake/3.9.4_1/share/cmake/Modules/CheckFunctionExists.c normal x86_64 c com.apple.compilers.llvm.clang.1_0.compiler
    cd /Users/jamesfolk/Documents/NJLI/TESTBED/test_project_repo/_build_macOS/CMakeFiles/CMakeTmp
    export LANG=en_US.US-ASCII
    /Applications/Xcode.app/Contents/Developer/Toolchains/XcodeDefault.xctoolchain/usr/bin/clang -x c -arch x86_64 -fmessage-length=0 -fdiagnostics-show-note-include-stack -fmacro-backtrace-limit=0 -Wno-trigraphs -fpascal-strings -O0 -Wno-missing-field-initializers -Wno-missing-prototypes -Wno-return-type -Wno-missing-braces -Wparentheses -Wswitch -Wno-unused-function -Wno-unused-label -Wno-unused-parameter -Wno-unused-variable -Wunused-value -Wno-empty-body -Wno-uninitialized -Wno-unknown-pragmas -Wno-shadow -Wno-four-char-constants -Wno-conversion -Wno-constant-conversion -Wno-int-conversion -Wno-bool-conversion -Wno-enum-conversion -Wno-float-conversion -Wno-non-literal-null-conversion -Wno-objc-literal-conversion -Wno-shorten-64-to-32 -Wpointer-sign -Wno-newline-eof -DCMAKE_INTDIR=\"Debug\" -isysroot /Applications/Xcode.app/Contents/Developer/Platforms/MacOSX.platform/Developer/SDKs/MacOSX10.13.sdk -fasm-blocks -fstrict-aliasing -Wdeprecated-declarations -mmacosx-version-min=10.13 -g -Wno-sign-conversion -Wno-infinite-recursion -Wno-comma -Wno-block-capture-autoreleasing -Wno-strict-prototypes -I/Users/jamesfolk/Documents/NJLI/TESTBED/test_project_repo/_build_macOS/CMakeFiles/CMakeTmp/Debug/include -I/Users/jamesfolk/Documents/NJLI/TESTBED/test_project_repo/_build_macOS/CMakeFiles/CMakeTmp/CMAKE_TRY_COMPILE.build/Debug/cmTC_17035.build/DerivedSources/x86_64 -I/Users/jamesfolk/Documents/NJLI/TESTBED/test_project_repo/_build_macOS/CMakeFiles/CMakeTmp/CMAKE_TRY_COMPILE.build/Debug/cmTC_17035.build/DerivedSources -Wmost -Wno-four-char-constants -Wno-unknown-pragmas -F/Users/jamesfolk/Documents/NJLI/TESTBED/test_project_repo/_build_macOS/CMakeFiles/CMakeTmp/Debug -DCHECK_FUNCTION_EXISTS=_ultoa -MMD -MT dependencies -MF /Users/jamesfolk/Documents/NJLI/TESTBED/test_project_repo/_build_macOS/CMakeFiles/CMakeTmp/CMAKE_TRY_COMPILE.build/Debug/cmTC_17035.build/Objects-normal/x86_64/CheckFunctionExists.d --serialize-diagnostics /Users/jamesfolk/Documents/NJLI/TESTBED/test_project_repo/_build_macOS/CMakeFiles/CMakeTmp/CMAKE_TRY_COMPILE.build/Debug/cmTC_17035.build/Objects-normal/x86_64/CheckFunctionExists.dia -c /usr/local/Cellar/cmake/3.9.4_1/share/cmake/Modules/CheckFunctionExists.c -o /Users/jamesfolk/Documents/NJLI/TESTBED/test_project_repo/_build_macOS/CMakeFiles/CMakeTmp/CMAKE_TRY_COMPILE.build/Debug/cmTC_17035.build/Objects-normal/x86_64/CheckFunctionExists.o

Ld Debug/cmTC_17035 normal x86_64
    cd /Users/jamesfolk/Documents/NJLI/TESTBED/test_project_repo/_build_macOS/CMakeFiles/CMakeTmp
    export MACOSX_DEPLOYMENT_TARGET=10.13
    /Applications/Xcode.app/Contents/Developer/Toolchains/XcodeDefault.xctoolchain/usr/bin/clang -arch x86_64 -isysroot /Applications/Xcode.app/Contents/Developer/Platforms/MacOSX.platform/Developer/SDKs/MacOSX10.13.sdk -L/Users/jamesfolk/Documents/NJLI/TESTBED/test_project_repo/_build_macOS/CMakeFiles/CMakeTmp/Debug -F/Users/jamesfolk/Documents/NJLI/TESTBED/test_project_repo/_build_macOS/CMakeFiles/CMakeTmp/Debug -filelist /Users/jamesfolk/Documents/NJLI/TESTBED/test_project_repo/_build_macOS/CMakeFiles/CMakeTmp/CMAKE_TRY_COMPILE.build/Debug/cmTC_17035.build/Objects-normal/x86_64/cmTC_17035.LinkFileList -mmacosx-version-min=10.13 -Xlinker -object_path_lto -Xlinker /Users/jamesfolk/Documents/NJLI/TESTBED/test_project_repo/_build_macOS/CMakeFiles/CMakeTmp/CMAKE_TRY_COMPILE.build/Debug/cmTC_17035.build/Objects-normal/x86_64/cmTC_17035_lto.o -Xlinker -no_deduplicate -Wl,-search_paths_first -Wl,-headerpad_max_install_names -Xlinker -dependency_info -Xlinker /Users/jamesfolk/Documents/NJLI/TESTBED/test_project_repo/_build_macOS/CMakeFiles/CMakeTmp/CMAKE_TRY_COMPILE.build/Debug/cmTC_17035.build/Objects-normal/x86_64/cmTC_17035_dependency_info.dat -o /Users/jamesfolk/Documents/NJLI/TESTBED/test_project_repo/_build_macOS/CMakeFiles/CMakeTmp/Debug/cmTC_17035
Undefined symbols for architecture x86_64:
  "__ultoa", referenced from:
      _main in CheckFunctionExists.o
ld: symbol(s) not found for architecture x86_64
clang: error: linker command failed with exit code 1 (use -v to see invocation)

** BUILD FAILED **


The following build commands failed:
	Ld Debug/cmTC_17035 normal x86_64
(1 failure)


Determining if the function _i64toa exists failed with the following output:
Change Dir: /Users/jamesfolk/Documents/NJLI/TESTBED/test_project_repo/_build_macOS/CMakeFiles/CMakeTmp

Run Build Command:"/Applications/Xcode.app/Contents/Developer/usr/bin/xcodebuild" "-project" "CMAKE_TRY_COMPILE.xcodeproj" "build" "-target" "cmTC_43fd0" "-configuration" "Debug"
=== BUILD TARGET cmTC_43fd0 OF PROJECT CMAKE_TRY_COMPILE WITH CONFIGURATION Debug ===

Check dependencies

Write auxiliary files
/bin/mkdir -p /Users/jamesfolk/Documents/NJLI/TESTBED/test_project_repo/_build_macOS/CMakeFiles/CMakeTmp/CMAKE_TRY_COMPILE.build/Debug/cmTC_43fd0.build/Objects-normal/x86_64
write-file /Users/jamesfolk/Documents/NJLI/TESTBED/test_project_repo/_build_macOS/CMakeFiles/CMakeTmp/CMAKE_TRY_COMPILE.build/Debug/cmTC_43fd0.build/Objects-normal/x86_64/cmTC_43fd0.LinkFileList

CompileC CMAKE_TRY_COMPILE.build/Debug/cmTC_43fd0.build/Objects-normal/x86_64/CheckFunctionExists.o /usr/local/Cellar/cmake/3.9.4_1/share/cmake/Modules/CheckFunctionExists.c normal x86_64 c com.apple.compilers.llvm.clang.1_0.compiler
    cd /Users/jamesfolk/Documents/NJLI/TESTBED/test_project_repo/_build_macOS/CMakeFiles/CMakeTmp
    export LANG=en_US.US-ASCII
    /Applications/Xcode.app/Contents/Developer/Toolchains/XcodeDefault.xctoolchain/usr/bin/clang -x c -arch x86_64 -fmessage-length=0 -fdiagnostics-show-note-include-stack -fmacro-backtrace-limit=0 -Wno-trigraphs -fpascal-strings -O0 -Wno-missing-field-initializers -Wno-missing-prototypes -Wno-return-type -Wno-missing-braces -Wparentheses -Wswitch -Wno-unused-function -Wno-unused-label -Wno-unused-parameter -Wno-unused-variable -Wunused-value -Wno-empty-body -Wno-uninitialized -Wno-unknown-pragmas -Wno-shadow -Wno-four-char-constants -Wno-conversion -Wno-constant-conversion -Wno-int-conversion -Wno-bool-conversion -Wno-enum-conversion -Wno-float-conversion -Wno-non-literal-null-conversion -Wno-objc-literal-conversion -Wno-shorten-64-to-32 -Wpointer-sign -Wno-newline-eof -DCMAKE_INTDIR=\"Debug\" -isysroot /Applications/Xcode.app/Contents/Developer/Platforms/MacOSX.platform/Developer/SDKs/MacOSX10.13.sdk -fasm-blocks -fstrict-aliasing -Wdeprecated-declarations -mmacosx-version-min=10.13 -g -Wno-sign-conversion -Wno-infinite-recursion -Wno-comma -Wno-block-capture-autoreleasing -Wno-strict-prototypes -I/Users/jamesfolk/Documents/NJLI/TESTBED/test_project_repo/_build_macOS/CMakeFiles/CMakeTmp/Debug/include -I/Users/jamesfolk/Documents/NJLI/TESTBED/test_project_repo/_build_macOS/CMakeFiles/CMakeTmp/CMAKE_TRY_COMPILE.build/Debug/cmTC_43fd0.build/DerivedSources/x86_64 -I/Users/jamesfolk/Documents/NJLI/TESTBED/test_project_repo/_build_macOS/CMakeFiles/CMakeTmp/CMAKE_TRY_COMPILE.build/Debug/cmTC_43fd0.build/DerivedSources -Wmost -Wno-four-char-constants -Wno-unknown-pragmas -F/Users/jamesfolk/Documents/NJLI/TESTBED/test_project_repo/_build_macOS/CMakeFiles/CMakeTmp/Debug -DCHECK_FUNCTION_EXISTS=_i64toa -MMD -MT dependencies -MF /Users/jamesfolk/Documents/NJLI/TESTBED/test_project_repo/_build_macOS/CMakeFiles/CMakeTmp/CMAKE_TRY_COMPILE.build/Debug/cmTC_43fd0.build/Objects-normal/x86_64/CheckFunctionExists.d --serialize-diagnostics /Users/jamesfolk/Documents/NJLI/TESTBED/test_project_repo/_build_macOS/CMakeFiles/CMakeTmp/CMAKE_TRY_COMPILE.build/Debug/cmTC_43fd0.build/Objects-normal/x86_64/CheckFunctionExists.dia -c /usr/local/Cellar/cmake/3.9.4_1/share/cmake/Modules/CheckFunctionExists.c -o /Users/jamesfolk/Documents/NJLI/TESTBED/test_project_repo/_build_macOS/CMakeFiles/CMakeTmp/CMAKE_TRY_COMPILE.build/Debug/cmTC_43fd0.build/Objects-normal/x86_64/CheckFunctionExists.o

Ld Debug/cmTC_43fd0 normal x86_64
    cd /Users/jamesfolk/Documents/NJLI/TESTBED/test_project_repo/_build_macOS/CMakeFiles/CMakeTmp
    export MACOSX_DEPLOYMENT_TARGET=10.13
    /Applications/Xcode.app/Contents/Developer/Toolchains/XcodeDefault.xctoolchain/usr/bin/clang -arch x86_64 -isysroot /Applications/Xcode.app/Contents/Developer/Platforms/MacOSX.platform/Developer/SDKs/MacOSX10.13.sdk -L/Users/jamesfolk/Documents/NJLI/TESTBED/test_project_repo/_build_macOS/CMakeFiles/CMakeTmp/Debug -F/Users/jamesfolk/Documents/NJLI/TESTBED/test_project_repo/_build_macOS/CMakeFiles/CMakeTmp/Debug -filelist /Users/jamesfolk/Documents/NJLI/TESTBED/test_project_repo/_build_macOS/CMakeFiles/CMakeTmp/CMAKE_TRY_COMPILE.build/Debug/cmTC_43fd0.build/Objects-normal/x86_64/cmTC_43fd0.LinkFileList -mmacosx-version-min=10.13 -Xlinker -object_path_lto -Xlinker /Users/jamesfolk/Documents/NJLI/TESTBED/test_project_repo/_build_macOS/CMakeFiles/CMakeTmp/CMAKE_TRY_COMPILE.build/Debug/cmTC_43fd0.build/Objects-normal/x86_64/cmTC_43fd0_lto.o -Xlinker -no_deduplicate -Wl,-search_paths_first -Wl,-headerpad_max_install_names -Xlinker -dependency_info -Xlinker /Users/jamesfolk/Documents/NJLI/TESTBED/test_project_repo/_build_macOS/CMakeFiles/CMakeTmp/CMAKE_TRY_COMPILE.build/Debug/cmTC_43fd0.build/Objects-normal/x86_64/cmTC_43fd0_dependency_info.dat -o /Users/jamesfolk/Documents/NJLI/TESTBED/test_project_repo/_build_macOS/CMakeFiles/CMakeTmp/Debug/cmTC_43fd0
Undefined symbols for architecture x86_64:
  "__i64toa", referenced from:
      _main in CheckFunctionExists.o
ld: symbol(s) not found for architecture x86_64
clang: error: linker command failed with exit code 1 (use -v to see invocation)

** BUILD FAILED **


The following build commands failed:
	Ld Debug/cmTC_43fd0 normal x86_64
(1 failure)


Determining if the function _ui64toa exists failed with the following output:
Change Dir: /Users/jamesfolk/Documents/NJLI/TESTBED/test_project_repo/_build_macOS/CMakeFiles/CMakeTmp

Run Build Command:"/Applications/Xcode.app/Contents/Developer/usr/bin/xcodebuild" "-project" "CMAKE_TRY_COMPILE.xcodeproj" "build" "-target" "cmTC_75443" "-configuration" "Debug"
=== BUILD TARGET cmTC_75443 OF PROJECT CMAKE_TRY_COMPILE WITH CONFIGURATION Debug ===

Check dependencies

Write auxiliary files
/bin/mkdir -p /Users/jamesfolk/Documents/NJLI/TESTBED/test_project_repo/_build_macOS/CMakeFiles/CMakeTmp/CMAKE_TRY_COMPILE.build/Debug/cmTC_75443.build/Objects-normal/x86_64
write-file /Users/jamesfolk/Documents/NJLI/TESTBED/test_project_repo/_build_macOS/CMakeFiles/CMakeTmp/CMAKE_TRY_COMPILE.build/Debug/cmTC_75443.build/Objects-normal/x86_64/cmTC_75443.LinkFileList

CompileC CMAKE_TRY_COMPILE.build/Debug/cmTC_75443.build/Objects-normal/x86_64/CheckFunctionExists.o /usr/local/Cellar/cmake/3.9.4_1/share/cmake/Modules/CheckFunctionExists.c normal x86_64 c com.apple.compilers.llvm.clang.1_0.compiler
    cd /Users/jamesfolk/Documents/NJLI/TESTBED/test_project_repo/_build_macOS/CMakeFiles/CMakeTmp
    export LANG=en_US.US-ASCII
    /Applications/Xcode.app/Contents/Developer/Toolchains/XcodeDefault.xctoolchain/usr/bin/clang -x c -arch x86_64 -fmessage-length=0 -fdiagnostics-show-note-include-stack -fmacro-backtrace-limit=0 -Wno-trigraphs -fpascal-strings -O0 -Wno-missing-field-initializers -Wno-missing-prototypes -Wno-return-type -Wno-missing-braces -Wparentheses -Wswitch -Wno-unused-function -Wno-unused-label -Wno-unused-parameter -Wno-unused-variable -Wunused-value -Wno-empty-body -Wno-uninitialized -Wno-unknown-pragmas -Wno-shadow -Wno-four-char-constants -Wno-conversion -Wno-constant-conversion -Wno-int-conversion -Wno-bool-conversion -Wno-enum-conversion -Wno-float-conversion -Wno-non-literal-null-conversion -Wno-objc-literal-conversion -Wno-shorten-64-to-32 -Wpointer-sign -Wno-newline-eof -DCMAKE_INTDIR=\"Debug\" -isysroot /Applications/Xcode.app/Contents/Developer/Platforms/MacOSX.platform/Developer/SDKs/MacOSX10.13.sdk -fasm-blocks -fstrict-aliasing -Wdeprecated-declarations -mmacosx-version-min=10.13 -g -Wno-sign-conversion -Wno-infinite-recursion -Wno-comma -Wno-block-capture-autoreleasing -Wno-strict-prototypes -I/Users/jamesfolk/Documents/NJLI/TESTBED/test_project_repo/_build_macOS/CMakeFiles/CMakeTmp/Debug/include -I/Users/jamesfolk/Documents/NJLI/TESTBED/test_project_repo/_build_macOS/CMakeFiles/CMakeTmp/CMAKE_TRY_COMPILE.build/Debug/cmTC_75443.build/DerivedSources/x86_64 -I/Users/jamesfolk/Documents/NJLI/TESTBED/test_project_repo/_build_macOS/CMakeFiles/CMakeTmp/CMAKE_TRY_COMPILE.build/Debug/cmTC_75443.build/DerivedSources -Wmost -Wno-four-char-constants -Wno-unknown-pragmas -F/Users/jamesfolk/Documents/NJLI/TESTBED/test_project_repo/_build_macOS/CMakeFiles/CMakeTmp/Debug -DCHECK_FUNCTION_EXISTS=_ui64toa -MMD -MT dependencies -MF /Users/jamesfolk/Documents/NJLI/TESTBED/test_project_repo/_build_macOS/CMakeFiles/CMakeTmp/CMAKE_TRY_COMPILE.build/Debug/cmTC_75443.build/Objects-normal/x86_64/CheckFunctionExists.d --serialize-diagnostics /Users/jamesfolk/Documents/NJLI/TESTBED/test_project_repo/_build_macOS/CMakeFiles/CMakeTmp/CMAKE_TRY_COMPILE.build/Debug/cmTC_75443.build/Objects-normal/x86_64/CheckFunctionExists.dia -c /usr/local/Cellar/cmake/3.9.4_1/share/cmake/Modules/CheckFunctionExists.c -o /Users/jamesfolk/Documents/NJLI/TESTBED/test_project_repo/_build_macOS/CMakeFiles/CMakeTmp/CMAKE_TRY_COMPILE.build/Debug/cmTC_75443.build/Objects-normal/x86_64/CheckFunctionExists.o

Ld Debug/cmTC_75443 normal x86_64
    cd /Users/jamesfolk/Documents/NJLI/TESTBED/test_project_repo/_build_macOS/CMakeFiles/CMakeTmp
    export MACOSX_DEPLOYMENT_TARGET=10.13
    /Applications/Xcode.app/Contents/Developer/Toolchains/XcodeDefault.xctoolchain/usr/bin/clang -arch x86_64 -isysroot /Applications/Xcode.app/Contents/Developer/Platforms/MacOSX.platform/Developer/SDKs/MacOSX10.13.sdk -L/Users/jamesfolk/Documents/NJLI/TESTBED/test_project_repo/_build_macOS/CMakeFiles/CMakeTmp/Debug -F/Users/jamesfolk/Documents/NJLI/TESTBED/test_project_repo/_build_macOS/CMakeFiles/CMakeTmp/Debug -filelist /Users/jamesfolk/Documents/NJLI/TESTBED/test_project_repo/_build_macOS/CMakeFiles/CMakeTmp/CMAKE_TRY_COMPILE.build/Debug/cmTC_75443.build/Objects-normal/x86_64/cmTC_75443.LinkFileList -mmacosx-version-min=10.13 -Xlinker -object_path_lto -Xlinker /Users/jamesfolk/Documents/NJLI/TESTBED/test_project_repo/_build_macOS/CMakeFiles/CMakeTmp/CMAKE_TRY_COMPILE.build/Debug/cmTC_75443.build/Objects-normal/x86_64/cmTC_75443_lto.o -Xlinker -no_deduplicate -Wl,-search_paths_first -Wl,-headerpad_max_install_names -Xlinker -dependency_info -Xlinker /Users/jamesfolk/Documents/NJLI/TESTBED/test_project_repo/_build_macOS/CMakeFiles/CMakeTmp/CMAKE_TRY_COMPILE.build/Debug/cmTC_75443.build/Objects-normal/x86_64/cmTC_75443_dependency_info.dat -o /Users/jamesfolk/Documents/NJLI/TESTBED/test_project_repo/_build_macOS/CMakeFiles/CMakeTmp/Debug/cmTC_75443
Undefined symbols for architecture x86_64:
  "__ui64toa", referenced from:
      _main in CheckFunctionExists.o
ld: symbol(s) not found for architecture x86_64
clang: error: linker command failed with exit code 1 (use -v to see invocation)

** BUILD FAILED **


The following build commands failed:
	Ld Debug/cmTC_75443 normal x86_64
(1 failure)


Determining if the function _stricmp exists failed with the following output:
Change Dir: /Users/jamesfolk/Documents/NJLI/TESTBED/test_project_repo/_build_macOS/CMakeFiles/CMakeTmp

Run Build Command:"/Applications/Xcode.app/Contents/Developer/usr/bin/xcodebuild" "-project" "CMAKE_TRY_COMPILE.xcodeproj" "build" "-target" "cmTC_a084c" "-configuration" "Debug"
=== BUILD TARGET cmTC_a084c OF PROJECT CMAKE_TRY_COMPILE WITH CONFIGURATION Debug ===

Check dependencies

Write auxiliary files
/bin/mkdir -p /Users/jamesfolk/Documents/NJLI/TESTBED/test_project_repo/_build_macOS/CMakeFiles/CMakeTmp/CMAKE_TRY_COMPILE.build/Debug/cmTC_a084c.build/Objects-normal/x86_64
write-file /Users/jamesfolk/Documents/NJLI/TESTBED/test_project_repo/_build_macOS/CMakeFiles/CMakeTmp/CMAKE_TRY_COMPILE.build/Debug/cmTC_a084c.build/Objects-normal/x86_64/cmTC_a084c.LinkFileList

CompileC CMAKE_TRY_COMPILE.build/Debug/cmTC_a084c.build/Objects-normal/x86_64/CheckFunctionExists.o /usr/local/Cellar/cmake/3.9.4_1/share/cmake/Modules/CheckFunctionExists.c normal x86_64 c com.apple.compilers.llvm.clang.1_0.compiler
    cd /Users/jamesfolk/Documents/NJLI/TESTBED/test_project_repo/_build_macOS/CMakeFiles/CMakeTmp
    export LANG=en_US.US-ASCII
    /Applications/Xcode.app/Contents/Developer/Toolchains/XcodeDefault.xctoolchain/usr/bin/clang -x c -arch x86_64 -fmessage-length=0 -fdiagnostics-show-note-include-stack -fmacro-backtrace-limit=0 -Wno-trigraphs -fpascal-strings -O0 -Wno-missing-field-initializers -Wno-missing-prototypes -Wno-return-type -Wno-missing-braces -Wparentheses -Wswitch -Wno-unused-function -Wno-unused-label -Wno-unused-parameter -Wno-unused-variable -Wunused-value -Wno-empty-body -Wno-uninitialized -Wno-unknown-pragmas -Wno-shadow -Wno-four-char-constants -Wno-conversion -Wno-constant-conversion -Wno-int-conversion -Wno-bool-conversion -Wno-enum-conversion -Wno-float-conversion -Wno-non-literal-null-conversion -Wno-objc-literal-conversion -Wno-shorten-64-to-32 -Wpointer-sign -Wno-newline-eof -DCMAKE_INTDIR=\"Debug\" -isysroot /Applications/Xcode.app/Contents/Developer/Platforms/MacOSX.platform/Developer/SDKs/MacOSX10.13.sdk -fasm-blocks -fstrict-aliasing -Wdeprecated-declarations -mmacosx-version-min=10.13 -g -Wno-sign-conversion -Wno-infinite-recursion -Wno-comma -Wno-block-capture-autoreleasing -Wno-strict-prototypes -I/Users/jamesfolk/Documents/NJLI/TESTBED/test_project_repo/_build_macOS/CMakeFiles/CMakeTmp/Debug/include -I/Users/jamesfolk/Documents/NJLI/TESTBED/test_project_repo/_build_macOS/CMakeFiles/CMakeTmp/CMAKE_TRY_COMPILE.build/Debug/cmTC_a084c.build/DerivedSources/x86_64 -I/Users/jamesfolk/Documents/NJLI/TESTBED/test_project_repo/_build_macOS/CMakeFiles/CMakeTmp/CMAKE_TRY_COMPILE.build/Debug/cmTC_a084c.build/DerivedSources -Wmost -Wno-four-char-constants -Wno-unknown-pragmas -F/Users/jamesfolk/Documents/NJLI/TESTBED/test_project_repo/_build_macOS/CMakeFiles/CMakeTmp/Debug -DCHECK_FUNCTION_EXISTS=_stricmp -MMD -MT dependencies -MF /Users/jamesfolk/Documents/NJLI/TESTBED/test_project_repo/_build_macOS/CMakeFiles/CMakeTmp/CMAKE_TRY_COMPILE.build/Debug/cmTC_a084c.build/Objects-normal/x86_64/CheckFunctionExists.d --serialize-diagnostics /Users/jamesfolk/Documents/NJLI/TESTBED/test_project_repo/_build_macOS/CMakeFiles/CMakeTmp/CMAKE_TRY_COMPILE.build/Debug/cmTC_a084c.build/Objects-normal/x86_64/CheckFunctionExists.dia -c /usr/local/Cellar/cmake/3.9.4_1/share/cmake/Modules/CheckFunctionExists.c -o /Users/jamesfolk/Documents/NJLI/TESTBED/test_project_repo/_build_macOS/CMakeFiles/CMakeTmp/CMAKE_TRY_COMPILE.build/Debug/cmTC_a084c.build/Objects-normal/x86_64/CheckFunctionExists.o

Ld Debug/cmTC_a084c normal x86_64
    cd /Users/jamesfolk/Documents/NJLI/TESTBED/test_project_repo/_build_macOS/CMakeFiles/CMakeTmp
    export MACOSX_DEPLOYMENT_TARGET=10.13
    /Applications/Xcode.app/Contents/Developer/Toolchains/XcodeDefault.xctoolchain/usr/bin/clang -arch x86_64 -isysroot /Applications/Xcode.app/Contents/Developer/Platforms/MacOSX.platform/Developer/SDKs/MacOSX10.13.sdk -L/Users/jamesfolk/Documents/NJLI/TESTBED/test_project_repo/_build_macOS/CMakeFiles/CMakeTmp/Debug -F/Users/jamesfolk/Documents/NJLI/TESTBED/test_project_repo/_build_macOS/CMakeFiles/CMakeTmp/Debug -filelist /Users/jamesfolk/Documents/NJLI/TESTBED/test_project_repo/_build_macOS/CMakeFiles/CMakeTmp/CMAKE_TRY_COMPILE.build/Debug/cmTC_a084c.build/Objects-normal/x86_64/cmTC_a084c.LinkFileList -mmacosx-version-min=10.13 -Xlinker -object_path_lto -Xlinker /Users/jamesfolk/Documents/NJLI/TESTBED/test_project_repo/_build_macOS/CMakeFiles/CMakeTmp/CMAKE_TRY_COMPILE.build/Debug/cmTC_a084c.build/Objects-normal/x86_64/cmTC_a084c_lto.o -Xlinker -no_deduplicate -Wl,-search_paths_first -Wl,-headerpad_max_install_names -Xlinker -dependency_info -Xlinker /Users/jamesfolk/Documents/NJLI/TESTBED/test_project_repo/_build_macOS/CMakeFiles/CMakeTmp/CMAKE_TRY_COMPILE.build/Debug/cmTC_a084c.build/Objects-normal/x86_64/cmTC_a084c_dependency_info.dat -o /Users/jamesfolk/Documents/NJLI/TESTBED/test_project_repo/_build_macOS/CMakeFiles/CMakeTmp/Debug/cmTC_a084c
Undefined symbols for architecture x86_64:
  "__stricmp", referenced from:
      _main in CheckFunctionExists.o
ld: symbol(s) not found for architecture x86_64
clang: error: linker command failed with exit code 1 (use -v to see invocation)

** BUILD FAILED **


The following build commands failed:
	Ld Debug/cmTC_a084c normal x86_64
(1 failure)


Determining if the function _strnicmp exists failed with the following output:
Change Dir: /Users/jamesfolk/Documents/NJLI/TESTBED/test_project_repo/_build_macOS/CMakeFiles/CMakeTmp

Run Build Command:"/Applications/Xcode.app/Contents/Developer/usr/bin/xcodebuild" "-project" "CMAKE_TRY_COMPILE.xcodeproj" "build" "-target" "cmTC_59b4b" "-configuration" "Debug"
=== BUILD TARGET cmTC_59b4b OF PROJECT CMAKE_TRY_COMPILE WITH CONFIGURATION Debug ===

Check dependencies

Write auxiliary files
/bin/mkdir -p /Users/jamesfolk/Documents/NJLI/TESTBED/test_project_repo/_build_macOS/CMakeFiles/CMakeTmp/CMAKE_TRY_COMPILE.build/Debug/cmTC_59b4b.build/Objects-normal/x86_64
write-file /Users/jamesfolk/Documents/NJLI/TESTBED/test_project_repo/_build_macOS/CMakeFiles/CMakeTmp/CMAKE_TRY_COMPILE.build/Debug/cmTC_59b4b.build/Objects-normal/x86_64/cmTC_59b4b.LinkFileList

CompileC CMAKE_TRY_COMPILE.build/Debug/cmTC_59b4b.build/Objects-normal/x86_64/CheckFunctionExists.o /usr/local/Cellar/cmake/3.9.4_1/share/cmake/Modules/CheckFunctionExists.c normal x86_64 c com.apple.compilers.llvm.clang.1_0.compiler
    cd /Users/jamesfolk/Documents/NJLI/TESTBED/test_project_repo/_build_macOS/CMakeFiles/CMakeTmp
    export LANG=en_US.US-ASCII
    /Applications/Xcode.app/Contents/Developer/Toolchains/XcodeDefault.xctoolchain/usr/bin/clang -x c -arch x86_64 -fmessage-length=0 -fdiagnostics-show-note-include-stack -fmacro-backtrace-limit=0 -Wno-trigraphs -fpascal-strings -O0 -Wno-missing-field-initializers -Wno-missing-prototypes -Wno-return-type -Wno-missing-braces -Wparentheses -Wswitch -Wno-unused-function -Wno-unused-label -Wno-unused-parameter -Wno-unused-variable -Wunused-value -Wno-empty-body -Wno-uninitialized -Wno-unknown-pragmas -Wno-shadow -Wno-four-char-constants -Wno-conversion -Wno-constant-conversion -Wno-int-conversion -Wno-bool-conversion -Wno-enum-conversion -Wno-float-conversion -Wno-non-literal-null-conversion -Wno-objc-literal-conversion -Wno-shorten-64-to-32 -Wpointer-sign -Wno-newline-eof -DCMAKE_INTDIR=\"Debug\" -isysroot /Applications/Xcode.app/Contents/Developer/Platforms/MacOSX.platform/Developer/SDKs/MacOSX10.13.sdk -fasm-blocks -fstrict-aliasing -Wdeprecated-declarations -mmacosx-version-min=10.13 -g -Wno-sign-conversion -Wno-infinite-recursion -Wno-comma -Wno-block-capture-autoreleasing -Wno-strict-prototypes -I/Users/jamesfolk/Documents/NJLI/TESTBED/test_project_repo/_build_macOS/CMakeFiles/CMakeTmp/Debug/include -I/Users/jamesfolk/Documents/NJLI/TESTBED/test_project_repo/_build_macOS/CMakeFiles/CMakeTmp/CMAKE_TRY_COMPILE.build/Debug/cmTC_59b4b.build/DerivedSources/x86_64 -I/Users/jamesfolk/Documents/NJLI/TESTBED/test_project_repo/_build_macOS/CMakeFiles/CMakeTmp/CMAKE_TRY_COMPILE.build/Debug/cmTC_59b4b.build/DerivedSources -Wmost -Wno-four-char-constants -Wno-unknown-pragmas -F/Users/jamesfolk/Documents/NJLI/TESTBED/test_project_repo/_build_macOS/CMakeFiles/CMakeTmp/Debug -DCHECK_FUNCTION_EXISTS=_strnicmp -MMD -MT dependencies -MF /Users/jamesfolk/Documents/NJLI/TESTBED/test_project_repo/_build_macOS/CMakeFiles/CMakeTmp/CMAKE_TRY_COMPILE.build/Debug/cmTC_59b4b.build/Objects-normal/x86_64/CheckFunctionExists.d --serialize-diagnostics /Users/jamesfolk/Documents/NJLI/TESTBED/test_project_repo/_build_macOS/CMakeFiles/CMakeTmp/CMAKE_TRY_COMPILE.build/Debug/cmTC_59b4b.build/Objects-normal/x86_64/CheckFunctionExists.dia -c /usr/local/Cellar/cmake/3.9.4_1/share/cmake/Modules/CheckFunctionExists.c -o /Users/jamesfolk/Documents/NJLI/TESTBED/test_project_repo/_build_macOS/CMakeFiles/CMakeTmp/CMAKE_TRY_COMPILE.build/Debug/cmTC_59b4b.build/Objects-normal/x86_64/CheckFunctionExists.o

Ld Debug/cmTC_59b4b normal x86_64
    cd /Users/jamesfolk/Documents/NJLI/TESTBED/test_project_repo/_build_macOS/CMakeFiles/CMakeTmp
    export MACOSX_DEPLOYMENT_TARGET=10.13
    /Applications/Xcode.app/Contents/Developer/Toolchains/XcodeDefault.xctoolchain/usr/bin/clang -arch x86_64 -isysroot /Applications/Xcode.app/Contents/Developer/Platforms/MacOSX.platform/Developer/SDKs/MacOSX10.13.sdk -L/Users/jamesfolk/Documents/NJLI/TESTBED/test_project_repo/_build_macOS/CMakeFiles/CMakeTmp/Debug -F/Users/jamesfolk/Documents/NJLI/TESTBED/test_project_repo/_build_macOS/CMakeFiles/CMakeTmp/Debug -filelist /Users/jamesfolk/Documents/NJLI/TESTBED/test_project_repo/_build_macOS/CMakeFiles/CMakeTmp/CMAKE_TRY_COMPILE.build/Debug/cmTC_59b4b.build/Objects-normal/x86_64/cmTC_59b4b.LinkFileList -mmacosx-version-min=10.13 -Xlinker -object_path_lto -Xlinker /Users/jamesfolk/Documents/NJLI/TESTBED/test_project_repo/_build_macOS/CMakeFiles/CMakeTmp/CMAKE_TRY_COMPILE.build/Debug/cmTC_59b4b.build/Objects-normal/x86_64/cmTC_59b4b_lto.o -Xlinker -no_deduplicate -Wl,-search_paths_first -Wl,-headerpad_max_install_names -Xlinker -dependency_info -Xlinker /Users/jamesfolk/Documents/NJLI/TESTBED/test_project_repo/_build_macOS/CMakeFiles/CMakeTmp/CMAKE_TRY_COMPILE.build/Debug/cmTC_59b4b.build/Objects-normal/x86_64/cmTC_59b4b_dependency_info.dat -o /Users/jamesfolk/Documents/NJLI/TESTBED/test_project_repo/_build_macOS/CMakeFiles/CMakeTmp/Debug/cmTC_59b4b
Undefined symbols for architecture x86_64:
  "__strnicmp", referenced from:
      _main in CheckFunctionExists.o
ld: symbol(s) not found for architecture x86_64
clang: error: linker command failed with exit code 1 (use -v to see invocation)

** BUILD FAILED **


The following build commands failed:
	Ld Debug/cmTC_59b4b normal x86_64
(1 failure)


Determining if the function fopen64 exists failed with the following output:
Change Dir: /Users/jamesfolk/Documents/NJLI/TESTBED/test_project_repo/_build_macOS/CMakeFiles/CMakeTmp

Run Build Command:"/Applications/Xcode.app/Contents/Developer/usr/bin/xcodebuild" "-project" "CMAKE_TRY_COMPILE.xcodeproj" "build" "-target" "cmTC_1fc40" "-configuration" "Debug"
=== BUILD TARGET cmTC_1fc40 OF PROJECT CMAKE_TRY_COMPILE WITH CONFIGURATION Debug ===

Check dependencies

Write auxiliary files
/bin/mkdir -p /Users/jamesfolk/Documents/NJLI/TESTBED/test_project_repo/_build_macOS/CMakeFiles/CMakeTmp/CMAKE_TRY_COMPILE.build/Debug/cmTC_1fc40.build/Objects-normal/x86_64
write-file /Users/jamesfolk/Documents/NJLI/TESTBED/test_project_repo/_build_macOS/CMakeFiles/CMakeTmp/CMAKE_TRY_COMPILE.build/Debug/cmTC_1fc40.build/Objects-normal/x86_64/cmTC_1fc40.LinkFileList

CompileC CMAKE_TRY_COMPILE.build/Debug/cmTC_1fc40.build/Objects-normal/x86_64/CheckFunctionExists.o /usr/local/Cellar/cmake/3.9.4_1/share/cmake/Modules/CheckFunctionExists.c normal x86_64 c com.apple.compilers.llvm.clang.1_0.compiler
    cd /Users/jamesfolk/Documents/NJLI/TESTBED/test_project_repo/_build_macOS/CMakeFiles/CMakeTmp
    export LANG=en_US.US-ASCII
    /Applications/Xcode.app/Contents/Developer/Toolchains/XcodeDefault.xctoolchain/usr/bin/clang -x c -arch x86_64 -fmessage-length=0 -fdiagnostics-show-note-include-stack -fmacro-backtrace-limit=0 -Wno-trigraphs -fpascal-strings -O0 -Wno-missing-field-initializers -Wno-missing-prototypes -Wno-return-type -Wno-missing-braces -Wparentheses -Wswitch -Wno-unused-function -Wno-unused-label -Wno-unused-parameter -Wno-unused-variable -Wunused-value -Wno-empty-body -Wno-uninitialized -Wno-unknown-pragmas -Wno-shadow -Wno-four-char-constants -Wno-conversion -Wno-constant-conversion -Wno-int-conversion -Wno-bool-conversion -Wno-enum-conversion -Wno-float-conversion -Wno-non-literal-null-conversion -Wno-objc-literal-conversion -Wno-shorten-64-to-32 -Wpointer-sign -Wno-newline-eof -DCMAKE_INTDIR=\"Debug\" -isysroot /Applications/Xcode.app/Contents/Developer/Platforms/MacOSX.platform/Developer/SDKs/MacOSX10.13.sdk -fasm-blocks -fstrict-aliasing -Wdeprecated-declarations -mmacosx-version-min=10.13 -g -Wno-sign-conversion -Wno-infinite-recursion -Wno-comma -Wno-block-capture-autoreleasing -Wno-strict-prototypes -I/Users/jamesfolk/Documents/NJLI/TESTBED/test_project_repo/_build_macOS/CMakeFiles/CMakeTmp/Debug/include -I/Users/jamesfolk/Documents/NJLI/TESTBED/test_project_repo/_build_macOS/CMakeFiles/CMakeTmp/CMAKE_TRY_COMPILE.build/Debug/cmTC_1fc40.build/DerivedSources/x86_64 -I/Users/jamesfolk/Documents/NJLI/TESTBED/test_project_repo/_build_macOS/CMakeFiles/CMakeTmp/CMAKE_TRY_COMPILE.build/Debug/cmTC_1fc40.build/DerivedSources -Wmost -Wno-four-char-constants -Wno-unknown-pragmas -F/Users/jamesfolk/Documents/NJLI/TESTBED/test_project_repo/_build_macOS/CMakeFiles/CMakeTmp/Debug -DCHECK_FUNCTION_EXISTS=fopen64 -MMD -MT dependencies -MF /Users/jamesfolk/Documents/NJLI/TESTBED/test_project_repo/_build_macOS/CMakeFiles/CMakeTmp/CMAKE_TRY_COMPILE.build/Debug/cmTC_1fc40.build/Objects-normal/x86_64/CheckFunctionExists.d --serialize-diagnostics /Users/jamesfolk/Documents/NJLI/TESTBED/test_project_repo/_build_macOS/CMakeFiles/CMakeTmp/CMAKE_TRY_COMPILE.build/Debug/cmTC_1fc40.build/Objects-normal/x86_64/CheckFunctionExists.dia -c /usr/local/Cellar/cmake/3.9.4_1/share/cmake/Modules/CheckFunctionExists.c -o /Users/jamesfolk/Documents/NJLI/TESTBED/test_project_repo/_build_macOS/CMakeFiles/CMakeTmp/CMAKE_TRY_COMPILE.build/Debug/cmTC_1fc40.build/Objects-normal/x86_64/CheckFunctionExists.o

Ld Debug/cmTC_1fc40 normal x86_64
    cd /Users/jamesfolk/Documents/NJLI/TESTBED/test_project_repo/_build_macOS/CMakeFiles/CMakeTmp
    export MACOSX_DEPLOYMENT_TARGET=10.13
    /Applications/Xcode.app/Contents/Developer/Toolchains/XcodeDefault.xctoolchain/usr/bin/clang -arch x86_64 -isysroot /Applications/Xcode.app/Contents/Developer/Platforms/MacOSX.platform/Developer/SDKs/MacOSX10.13.sdk -L/Users/jamesfolk/Documents/NJLI/TESTBED/test_project_repo/_build_macOS/CMakeFiles/CMakeTmp/Debug -F/Users/jamesfolk/Documents/NJLI/TESTBED/test_project_repo/_build_macOS/CMakeFiles/CMakeTmp/Debug -filelist /Users/jamesfolk/Documents/NJLI/TESTBED/test_project_repo/_build_macOS/CMakeFiles/CMakeTmp/CMAKE_TRY_COMPILE.build/Debug/cmTC_1fc40.build/Objects-normal/x86_64/cmTC_1fc40.LinkFileList -mmacosx-version-min=10.13 -Xlinker -object_path_lto -Xlinker /Users/jamesfolk/Documents/NJLI/TESTBED/test_project_repo/_build_macOS/CMakeFiles/CMakeTmp/CMAKE_TRY_COMPILE.build/Debug/cmTC_1fc40.build/Objects-normal/x86_64/cmTC_1fc40_lto.o -Xlinker -no_deduplicate -Wl,-search_paths_first -Wl,-headerpad_max_install_names -Xlinker -dependency_info -Xlinker /Users/jamesfolk/Documents/NJLI/TESTBED/test_project_repo/_build_macOS/CMakeFiles/CMakeTmp/CMAKE_TRY_COMPILE.build/Debug/cmTC_1fc40.build/Objects-normal/x86_64/cmTC_1fc40_dependency_info.dat -o /Users/jamesfolk/Documents/NJLI/TESTBED/test_project_repo/_build_macOS/CMakeFiles/CMakeTmp/Debug/cmTC_1fc40
Undefined symbols for architecture x86_64:
  "_fopen64", referenced from:
      _main in CheckFunctionExists.o
ld: symbol(s) not found for architecture x86_64
clang: error: linker command failed with exit code 1 (use -v to see invocation)

** BUILD FAILED **


The following build commands failed:
	Ld Debug/cmTC_1fc40 normal x86_64
(1 failure)


Determining if the function fseeko64 exists failed with the following output:
Change Dir: /Users/jamesfolk/Documents/NJLI/TESTBED/test_project_repo/_build_macOS/CMakeFiles/CMakeTmp

Run Build Command:"/Applications/Xcode.app/Contents/Developer/usr/bin/xcodebuild" "-project" "CMAKE_TRY_COMPILE.xcodeproj" "build" "-target" "cmTC_0e5a1" "-configuration" "Debug"
=== BUILD TARGET cmTC_0e5a1 OF PROJECT CMAKE_TRY_COMPILE WITH CONFIGURATION Debug ===

Check dependencies

Write auxiliary files
/bin/mkdir -p /Users/jamesfolk/Documents/NJLI/TESTBED/test_project_repo/_build_macOS/CMakeFiles/CMakeTmp/CMAKE_TRY_COMPILE.build/Debug/cmTC_0e5a1.build/Objects-normal/x86_64
write-file /Users/jamesfolk/Documents/NJLI/TESTBED/test_project_repo/_build_macOS/CMakeFiles/CMakeTmp/CMAKE_TRY_COMPILE.build/Debug/cmTC_0e5a1.build/Objects-normal/x86_64/cmTC_0e5a1.LinkFileList

CompileC CMAKE_TRY_COMPILE.build/Debug/cmTC_0e5a1.build/Objects-normal/x86_64/CheckFunctionExists.o /usr/local/Cellar/cmake/3.9.4_1/share/cmake/Modules/CheckFunctionExists.c normal x86_64 c com.apple.compilers.llvm.clang.1_0.compiler
    cd /Users/jamesfolk/Documents/NJLI/TESTBED/test_project_repo/_build_macOS/CMakeFiles/CMakeTmp
    export LANG=en_US.US-ASCII
    /Applications/Xcode.app/Contents/Developer/Toolchains/XcodeDefault.xctoolchain/usr/bin/clang -x c -arch x86_64 -fmessage-length=0 -fdiagnostics-show-note-include-stack -fmacro-backtrace-limit=0 -Wno-trigraphs -fpascal-strings -O0 -Wno-missing-field-initializers -Wno-missing-prototypes -Wno-return-type -Wno-missing-braces -Wparentheses -Wswitch -Wno-unused-function -Wno-unused-label -Wno-unused-parameter -Wno-unused-variable -Wunused-value -Wno-empty-body -Wno-uninitialized -Wno-unknown-pragmas -Wno-shadow -Wno-four-char-constants -Wno-conversion -Wno-constant-conversion -Wno-int-conversion -Wno-bool-conversion -Wno-enum-conversion -Wno-float-conversion -Wno-non-literal-null-conversion -Wno-objc-literal-conversion -Wno-shorten-64-to-32 -Wpointer-sign -Wno-newline-eof -DCMAKE_INTDIR=\"Debug\" -isysroot /Applications/Xcode.app/Contents/Developer/Platforms/MacOSX.platform/Developer/SDKs/MacOSX10.13.sdk -fasm-blocks -fstrict-aliasing -Wdeprecated-declarations -mmacosx-version-min=10.13 -g -Wno-sign-conversion -Wno-infinite-recursion -Wno-comma -Wno-block-capture-autoreleasing -Wno-strict-prototypes -I/Users/jamesfolk/Documents/NJLI/TESTBED/test_project_repo/_build_macOS/CMakeFiles/CMakeTmp/Debug/include -I/Users/jamesfolk/Documents/NJLI/TESTBED/test_project_repo/_build_macOS/CMakeFiles/CMakeTmp/CMAKE_TRY_COMPILE.build/Debug/cmTC_0e5a1.build/DerivedSources/x86_64 -I/Users/jamesfolk/Documents/NJLI/TESTBED/test_project_repo/_build_macOS/CMakeFiles/CMakeTmp/CMAKE_TRY_COMPILE.build/Debug/cmTC_0e5a1.build/DerivedSources -Wmost -Wno-four-char-constants -Wno-unknown-pragmas -F/Users/jamesfolk/Documents/NJLI/TESTBED/test_project_repo/_build_macOS/CMakeFiles/CMakeTmp/Debug -DCHECK_FUNCTION_EXISTS=fseeko64 -MMD -MT dependencies -MF /Users/jamesfolk/Documents/NJLI/TESTBED/test_project_repo/_build_macOS/CMakeFiles/CMakeTmp/CMAKE_TRY_COMPILE.build/Debug/cmTC_0e5a1.build/Objects-normal/x86_64/CheckFunctionExists.d --serialize-diagnostics /Users/jamesfolk/Documents/NJLI/TESTBED/test_project_repo/_build_macOS/CMakeFiles/CMakeTmp/CMAKE_TRY_COMPILE.build/Debug/cmTC_0e5a1.build/Objects-normal/x86_64/CheckFunctionExists.dia -c /usr/local/Cellar/cmake/3.9.4_1/share/cmake/Modules/CheckFunctionExists.c -o /Users/jamesfolk/Documents/NJLI/TESTBED/test_project_repo/_build_macOS/CMakeFiles/CMakeTmp/CMAKE_TRY_COMPILE.build/Debug/cmTC_0e5a1.build/Objects-normal/x86_64/CheckFunctionExists.o

Ld Debug/cmTC_0e5a1 normal x86_64
    cd /Users/jamesfolk/Documents/NJLI/TESTBED/test_project_repo/_build_macOS/CMakeFiles/CMakeTmp
    export MACOSX_DEPLOYMENT_TARGET=10.13
    /Applications/Xcode.app/Contents/Developer/Toolchains/XcodeDefault.xctoolchain/usr/bin/clang -arch x86_64 -isysroot /Applications/Xcode.app/Contents/Developer/Platforms/MacOSX.platform/Developer/SDKs/MacOSX10.13.sdk -L/Users/jamesfolk/Documents/NJLI/TESTBED/test_project_repo/_build_macOS/CMakeFiles/CMakeTmp/Debug -F/Users/jamesfolk/Documents/NJLI/TESTBED/test_project_repo/_build_macOS/CMakeFiles/CMakeTmp/Debug -filelist /Users/jamesfolk/Documents/NJLI/TESTBED/test_project_repo/_build_macOS/CMakeFiles/CMakeTmp/CMAKE_TRY_COMPILE.build/Debug/cmTC_0e5a1.build/Objects-normal/x86_64/cmTC_0e5a1.LinkFileList -mmacosx-version-min=10.13 -Xlinker -object_path_lto -Xlinker /Users/jamesfolk/Documents/NJLI/TESTBED/test_project_repo/_build_macOS/CMakeFiles/CMakeTmp/CMAKE_TRY_COMPILE.build/Debug/cmTC_0e5a1.build/Objects-normal/x86_64/cmTC_0e5a1_lto.o -Xlinker -no_deduplicate -Wl,-search_paths_first -Wl,-headerpad_max_install_names -Xlinker -dependency_info -Xlinker /Users/jamesfolk/Documents/NJLI/TESTBED/test_project_repo/_build_macOS/CMakeFiles/CMakeTmp/CMAKE_TRY_COMPILE.build/Debug/cmTC_0e5a1.build/Objects-normal/x86_64/cmTC_0e5a1_dependency_info.dat -o /Users/jamesfolk/Documents/NJLI/TESTBED/test_project_repo/_build_macOS/CMakeFiles/CMakeTmp/Debug/cmTC_0e5a1
Undefined symbols for architecture x86_64:
  "_fseeko64", referenced from:
      _main in CheckFunctionExists.o
ld: symbol(s) not found for architecture x86_64
clang: error: linker command failed with exit code 1 (use -v to see invocation)

** BUILD FAILED **


The following build commands failed:
	Ld Debug/cmTC_0e5a1 normal x86_64
(1 failure)


Determining if the function getauxval exists failed with the following output:
Change Dir: /Users/jamesfolk/Documents/NJLI/TESTBED/test_project_repo/_build_macOS/CMakeFiles/CMakeTmp

Run Build Command:"/Applications/Xcode.app/Contents/Developer/usr/bin/xcodebuild" "-project" "CMAKE_TRY_COMPILE.xcodeproj" "build" "-target" "cmTC_b9462" "-configuration" "Debug"
=== BUILD TARGET cmTC_b9462 OF PROJECT CMAKE_TRY_COMPILE WITH CONFIGURATION Debug ===

Check dependencies

Write auxiliary files
/bin/mkdir -p /Users/jamesfolk/Documents/NJLI/TESTBED/test_project_repo/_build_macOS/CMakeFiles/CMakeTmp/CMAKE_TRY_COMPILE.build/Debug/cmTC_b9462.build/Objects-normal/x86_64
write-file /Users/jamesfolk/Documents/NJLI/TESTBED/test_project_repo/_build_macOS/CMakeFiles/CMakeTmp/CMAKE_TRY_COMPILE.build/Debug/cmTC_b9462.build/Objects-normal/x86_64/cmTC_b9462.LinkFileList

CompileC CMAKE_TRY_COMPILE.build/Debug/cmTC_b9462.build/Objects-normal/x86_64/CheckFunctionExists.o /usr/local/Cellar/cmake/3.9.4_1/share/cmake/Modules/CheckFunctionExists.c normal x86_64 c com.apple.compilers.llvm.clang.1_0.compiler
    cd /Users/jamesfolk/Documents/NJLI/TESTBED/test_project_repo/_build_macOS/CMakeFiles/CMakeTmp
    export LANG=en_US.US-ASCII
    /Applications/Xcode.app/Contents/Developer/Toolchains/XcodeDefault.xctoolchain/usr/bin/clang -x c -arch x86_64 -fmessage-length=0 -fdiagnostics-show-note-include-stack -fmacro-backtrace-limit=0 -Wno-trigraphs -fpascal-strings -O0 -Wno-missing-field-initializers -Wno-missing-prototypes -Wno-return-type -Wno-missing-braces -Wparentheses -Wswitch -Wno-unused-function -Wno-unused-label -Wno-unused-parameter -Wno-unused-variable -Wunused-value -Wno-empty-body -Wno-uninitialized -Wno-unknown-pragmas -Wno-shadow -Wno-four-char-constants -Wno-conversion -Wno-constant-conversion -Wno-int-conversion -Wno-bool-conversion -Wno-enum-conversion -Wno-float-conversion -Wno-non-literal-null-conversion -Wno-objc-literal-conversion -Wno-shorten-64-to-32 -Wpointer-sign -Wno-newline-eof -DCMAKE_INTDIR=\"Debug\" -isysroot /Applications/Xcode.app/Contents/Developer/Platforms/MacOSX.platform/Developer/SDKs/MacOSX10.13.sdk -fasm-blocks -fstrict-aliasing -Wdeprecated-declarations -mmacosx-version-min=10.13 -g -Wno-sign-conversion -Wno-infinite-recursion -Wno-comma -Wno-block-capture-autoreleasing -Wno-strict-prototypes -I/Users/jamesfolk/Documents/NJLI/TESTBED/test_project_repo/_build_macOS/CMakeFiles/CMakeTmp/Debug/include -I/Users/jamesfolk/Documents/NJLI/TESTBED/test_project_repo/_build_macOS/CMakeFiles/CMakeTmp/CMAKE_TRY_COMPILE.build/Debug/cmTC_b9462.build/DerivedSources/x86_64 -I/Users/jamesfolk/Documents/NJLI/TESTBED/test_project_repo/_build_macOS/CMakeFiles/CMakeTmp/CMAKE_TRY_COMPILE.build/Debug/cmTC_b9462.build/DerivedSources -Wmost -Wno-four-char-constants -Wno-unknown-pragmas -F/Users/jamesfolk/Documents/NJLI/TESTBED/test_project_repo/_build_macOS/CMakeFiles/CMakeTmp/Debug -DCHECK_FUNCTION_EXISTS=getauxval -MMD -MT dependencies -MF /Users/jamesfolk/Documents/NJLI/TESTBED/test_project_repo/_build_macOS/CMakeFiles/CMakeTmp/CMAKE_TRY_COMPILE.build/Debug/cmTC_b9462.build/Objects-normal/x86_64/CheckFunctionExists.d --serialize-diagnostics /Users/jamesfolk/Documents/NJLI/TESTBED/test_project_repo/_build_macOS/CMakeFiles/CMakeTmp/CMAKE_TRY_COMPILE.build/Debug/cmTC_b9462.build/Objects-normal/x86_64/CheckFunctionExists.dia -c /usr/local/Cellar/cmake/3.9.4_1/share/cmake/Modules/CheckFunctionExists.c -o /Users/jamesfolk/Documents/NJLI/TESTBED/test_project_repo/_build_macOS/CMakeFiles/CMakeTmp/CMAKE_TRY_COMPILE.build/Debug/cmTC_b9462.build/Objects-normal/x86_64/CheckFunctionExists.o

Ld Debug/cmTC_b9462 normal x86_64
    cd /Users/jamesfolk/Documents/NJLI/TESTBED/test_project_repo/_build_macOS/CMakeFiles/CMakeTmp
    export MACOSX_DEPLOYMENT_TARGET=10.13
    /Applications/Xcode.app/Contents/Developer/Toolchains/XcodeDefault.xctoolchain/usr/bin/clang -arch x86_64 -isysroot /Applications/Xcode.app/Contents/Developer/Platforms/MacOSX.platform/Developer/SDKs/MacOSX10.13.sdk -L/Users/jamesfolk/Documents/NJLI/TESTBED/test_project_repo/_build_macOS/CMakeFiles/CMakeTmp/Debug -F/Users/jamesfolk/Documents/NJLI/TESTBED/test_project_repo/_build_macOS/CMakeFiles/CMakeTmp/Debug -filelist /Users/jamesfolk/Documents/NJLI/TESTBED/test_project_repo/_build_macOS/CMakeFiles/CMakeTmp/CMAKE_TRY_COMPILE.build/Debug/cmTC_b9462.build/Objects-normal/x86_64/cmTC_b9462.LinkFileList -mmacosx-version-min=10.13 -Xlinker -object_path_lto -Xlinker /Users/jamesfolk/Documents/NJLI/TESTBED/test_project_repo/_build_macOS/CMakeFiles/CMakeTmp/CMAKE_TRY_COMPILE.build/Debug/cmTC_b9462.build/Objects-normal/x86_64/cmTC_b9462_lto.o -Xlinker -no_deduplicate -Wl,-search_paths_first -Wl,-headerpad_max_install_names -Xlinker -dependency_info -Xlinker /Users/jamesfolk/Documents/NJLI/TESTBED/test_project_repo/_build_macOS/CMakeFiles/CMakeTmp/CMAKE_TRY_COMPILE.build/Debug/cmTC_b9462.build/Objects-normal/x86_64/cmTC_b9462_dependency_info.dat -o /Users/jamesfolk/Documents/NJLI/TESTBED/test_project_repo/_build_macOS/CMakeFiles/CMakeTmp/Debug/cmTC_b9462
Undefined symbols for architecture x86_64:
  "_getauxval", referenced from:
      _main in CheckFunctionExists.o
ld: symbol(s) not found for architecture x86_64
clang: error: linker command failed with exit code 1 (use -v to see invocation)

** BUILD FAILED **


The following build commands failed:
	Ld Debug/cmTC_b9462 normal x86_64
(1 failure)


Performing C SOURCE FILE Test HAVE_SEM_TIMEDWAIT failed with the following output:
Change Dir: /Users/jamesfolk/Documents/NJLI/TESTBED/test_project_repo/_build_macOS/CMakeFiles/CMakeTmp

Run Build Command:"/Applications/Xcode.app/Contents/Developer/usr/bin/xcodebuild" "-project" "CMAKE_TRY_COMPILE.xcodeproj" "build" "-target" "cmTC_55d00" "-configuration" "Debug"
=== BUILD TARGET cmTC_55d00 OF PROJECT CMAKE_TRY_COMPILE WITH CONFIGURATION Debug ===

Check dependencies

Write auxiliary files
/bin/mkdir -p /Users/jamesfolk/Documents/NJLI/TESTBED/test_project_repo/_build_macOS/CMakeFiles/CMakeTmp/CMAKE_TRY_COMPILE.build/Debug/cmTC_55d00.build/Objects-normal/x86_64
write-file /Users/jamesfolk/Documents/NJLI/TESTBED/test_project_repo/_build_macOS/CMakeFiles/CMakeTmp/CMAKE_TRY_COMPILE.build/Debug/cmTC_55d00.build/Objects-normal/x86_64/cmTC_55d00.LinkFileList

CompileC CMAKE_TRY_COMPILE.build/Debug/cmTC_55d00.build/Objects-normal/x86_64/src.o src.c normal x86_64 c com.apple.compilers.llvm.clang.1_0.compiler
    cd /Users/jamesfolk/Documents/NJLI/TESTBED/test_project_repo/_build_macOS/CMakeFiles/CMakeTmp
    export LANG=en_US.US-ASCII
    /Applications/Xcode.app/Contents/Developer/Toolchains/XcodeDefault.xctoolchain/usr/bin/clang -x c -arch x86_64 -fmessage-length=0 -fdiagnostics-show-note-include-stack -fmacro-backtrace-limit=0 -Wno-trigraphs -fpascal-strings -O0 -Wno-missing-field-initializers -Wno-missing-prototypes -Wno-return-type -Wno-missing-braces -Wparentheses -Wswitch -Wno-unused-function -Wno-unused-label -Wno-unused-parameter -Wno-unused-variable -Wunused-value -Wno-empty-body -Wno-uninitialized -Wno-unknown-pragmas -Wno-shadow -Wno-four-char-constants -Wno-conversion -Wno-constant-conversion -Wno-int-conversion -Wno-bool-conversion -Wno-enum-conversion -Wno-float-conversion -Wno-non-literal-null-conversion -Wno-objc-literal-conversion -Wno-shorten-64-to-32 -Wpointer-sign -Wno-newline-eof -DCMAKE_INTDIR=\"Debug\" -isysroot /Applications/Xcode.app/Contents/Developer/Platforms/MacOSX.platform/Developer/SDKs/MacOSX10.13.sdk -fasm-blocks -fstrict-aliasing -Wdeprecated-declarations -mmacosx-version-min=10.13 -g -Wno-sign-conversion -Wno-infinite-recursion -Wno-comma -Wno-block-capture-autoreleasing -Wno-strict-prototypes -I/Users/jamesfolk/Documents/NJLI/TESTBED/test_project_repo/_build_macOS/CMakeFiles/CMakeTmp/Debug/include -I/Users/jamesfolk/Documents/NJLI/TESTBED/test_project_repo/_build_macOS/CMakeFiles/CMakeTmp/CMAKE_TRY_COMPILE.build/Debug/cmTC_55d00.build/DerivedSources/x86_64 -I/Users/jamesfolk/Documents/NJLI/TESTBED/test_project_repo/_build_macOS/CMakeFiles/CMakeTmp/CMAKE_TRY_COMPILE.build/Debug/cmTC_55d00.build/DerivedSources -Wmost -Wno-four-char-constants -Wno-unknown-pragmas -F/Users/jamesfolk/Documents/NJLI/TESTBED/test_project_repo/_build_macOS/CMakeFiles/CMakeTmp/Debug -DHAVE_SEM_TIMEDWAIT -D_THREAD_SAFE -MMD -MT dependencies -MF /Users/jamesfolk/Documents/NJLI/TESTBED/test_project_repo/_build_macOS/CMakeFiles/CMakeTmp/CMAKE_TRY_COMPILE.build/Debug/cmTC_55d00.build/Objects-normal/x86_64/src.d --serialize-diagnostics /Users/jamesfolk/Documents/NJLI/TESTBED/test_project_repo/_build_macOS/CMakeFiles/CMakeTmp/CMAKE_TRY_COMPILE.build/Debug/cmTC_55d00.build/Objects-normal/x86_64/src.dia -c /Users/jamesfolk/Documents/NJLI/TESTBED/test_project_repo/_build_macOS/CMakeFiles/CMakeTmp/src.c -o /Users/jamesfolk/Documents/NJLI/TESTBED/test_project_repo/_build_macOS/CMakeFiles/CMakeTmp/CMAKE_TRY_COMPILE.build/Debug/cmTC_55d00.build/Objects-normal/x86_64/src.o
/Users/jamesfolk/Documents/NJLI/TESTBED/test_project_repo/_build_macOS/CMakeFiles/CMakeTmp/src.c:5:19: warning: implicit declaration of function 'sem_timedwait' is invalid in C99 [-Wimplicit-function-declaration]
                  sem_timedwait(NULL, NULL);
                  ^
1 warning generated.

Ld Debug/cmTC_55d00 normal x86_64
    cd /Users/jamesfolk/Documents/NJLI/TESTBED/test_project_repo/_build_macOS/CMakeFiles/CMakeTmp
    export MACOSX_DEPLOYMENT_TARGET=10.13
    /Applications/Xcode.app/Contents/Developer/Toolchains/XcodeDefault.xctoolchain/usr/bin/clang -arch x86_64 -isysroot /Applications/Xcode.app/Contents/Developer/Platforms/MacOSX.platform/Developer/SDKs/MacOSX10.13.sdk -L/Users/jamesfolk/Documents/NJLI/TESTBED/test_project_repo/_build_macOS/CMakeFiles/CMakeTmp/Debug -F/Users/jamesfolk/Documents/NJLI/TESTBED/test_project_repo/_build_macOS/CMakeFiles/CMakeTmp/Debug -filelist /Users/jamesfolk/Documents/NJLI/TESTBED/test_project_repo/_build_macOS/CMakeFiles/CMakeTmp/CMAKE_TRY_COMPILE.build/Debug/cmTC_55d00.build/Objects-normal/x86_64/cmTC_55d00.LinkFileList -mmacosx-version-min=10.13 -Xlinker -object_path_lto -Xlinker /Users/jamesfolk/Documents/NJLI/TESTBED/test_project_repo/_build_macOS/CMakeFiles/CMakeTmp/CMAKE_TRY_COMPILE.build/Debug/cmTC_55d00.build/Objects-normal/x86_64/cmTC_55d00_lto.o -Xlinker -no_deduplicate -Wl,-search_paths_first -Wl,-headerpad_max_install_names -Xlinker -dependency_info -Xlinker /Users/jamesfolk/Documents/NJLI/TESTBED/test_project_repo/_build_macOS/CMakeFiles/CMakeTmp/CMAKE_TRY_COMPILE.build/Debug/cmTC_55d00.build/Objects-normal/x86_64/cmTC_55d00_dependency_info.dat -o /Users/jamesfolk/Documents/NJLI/TESTBED/test_project_repo/_build_macOS/CMakeFiles/CMakeTmp/Debug/cmTC_55d00
Undefined symbols for architecture x86_64:
  "_sem_timedwait", referenced from:
      _main in src.o
ld: symbol(s) not found for architecture x86_64
clang: error: linker command failed with exit code 1 (use -v to see invocation)

** BUILD FAILED **


The following build commands failed:
	Ld Debug/cmTC_55d00 normal x86_64
(1 failure)

Source file was:

              #include <pthread.h>
              #include <semaphore.h>
              int main(int argc, char **argv) {
                  sem_timedwait(NULL, NULL);
                  return 0;
              }
Performing C SOURCE FILE Test HAVE_PTHREAD_NP_H failed with the following output:
Change Dir: /Users/jamesfolk/Documents/NJLI/TESTBED/test_project_repo/_build_macOS/CMakeFiles/CMakeTmp

Run Build Command:"/Applications/Xcode.app/Contents/Developer/usr/bin/xcodebuild" "-project" "CMAKE_TRY_COMPILE.xcodeproj" "build" "-target" "cmTC_b6333" "-configuration" "Debug"
=== BUILD TARGET cmTC_b6333 OF PROJECT CMAKE_TRY_COMPILE WITH CONFIGURATION Debug ===

Check dependencies

Write auxiliary files
/bin/mkdir -p /Users/jamesfolk/Documents/NJLI/TESTBED/test_project_repo/_build_macOS/CMakeFiles/CMakeTmp/CMAKE_TRY_COMPILE.build/Debug/cmTC_b6333.build/Objects-normal/x86_64
write-file /Users/jamesfolk/Documents/NJLI/TESTBED/test_project_repo/_build_macOS/CMakeFiles/CMakeTmp/CMAKE_TRY_COMPILE.build/Debug/cmTC_b6333.build/Objects-normal/x86_64/cmTC_b6333.LinkFileList

CompileC CMAKE_TRY_COMPILE.build/Debug/cmTC_b6333.build/Objects-normal/x86_64/src.o src.c normal x86_64 c com.apple.compilers.llvm.clang.1_0.compiler
    cd /Users/jamesfolk/Documents/NJLI/TESTBED/test_project_repo/_build_macOS/CMakeFiles/CMakeTmp
    export LANG=en_US.US-ASCII
    /Applications/Xcode.app/Contents/Developer/Toolchains/XcodeDefault.xctoolchain/usr/bin/clang -x c -arch x86_64 -fmessage-length=0 -fdiagnostics-show-note-include-stack -fmacro-backtrace-limit=0 -Wno-trigraphs -fpascal-strings -O0 -Wno-missing-field-initializers -Wno-missing-prototypes -Wno-return-type -Wno-missing-braces -Wparentheses -Wswitch -Wno-unused-function -Wno-unused-label -Wno-unused-parameter -Wno-unused-variable -Wunused-value -Wno-empty-body -Wno-uninitialized -Wno-unknown-pragmas -Wno-shadow -Wno-four-char-constants -Wno-conversion -Wno-constant-conversion -Wno-int-conversion -Wno-bool-conversion -Wno-enum-conversion -Wno-float-conversion -Wno-non-literal-null-conversion -Wno-objc-literal-conversion -Wno-shorten-64-to-32 -Wpointer-sign -Wno-newline-eof -DCMAKE_INTDIR=\"Debug\" -isysroot /Applications/Xcode.app/Contents/Developer/Platforms/MacOSX.platform/Developer/SDKs/MacOSX10.13.sdk -fasm-blocks -fstrict-aliasing -Wdeprecated-declarations -mmacosx-version-min=10.13 -g -Wno-sign-conversion -Wno-infinite-recursion -Wno-comma -Wno-block-capture-autoreleasing -Wno-strict-prototypes -I/Users/jamesfolk/Documents/NJLI/TESTBED/test_project_repo/_build_macOS/CMakeFiles/CMakeTmp/Debug/include -I/Users/jamesfolk/Documents/NJLI/TESTBED/test_project_repo/_build_macOS/CMakeFiles/CMakeTmp/CMAKE_TRY_COMPILE.build/Debug/cmTC_b6333.build/DerivedSources/x86_64 -I/Users/jamesfolk/Documents/NJLI/TESTBED/test_project_repo/_build_macOS/CMakeFiles/CMakeTmp/CMAKE_TRY_COMPILE.build/Debug/cmTC_b6333.build/DerivedSources -Wmost -Wno-four-char-constants -Wno-unknown-pragmas -F/Users/jamesfolk/Documents/NJLI/TESTBED/test_project_repo/_build_macOS/CMakeFiles/CMakeTmp/Debug -DHAVE_PTHREAD_NP_H -D_THREAD_SAFE -MMD -MT dependencies -MF /Users/jamesfolk/Documents/NJLI/TESTBED/test_project_repo/_build_macOS/CMakeFiles/CMakeTmp/CMAKE_TRY_COMPILE.build/Debug/cmTC_b6333.build/Objects-normal/x86_64/src.d --serialize-diagnostics /Users/jamesfolk/Documents/NJLI/TESTBED/test_project_repo/_build_macOS/CMakeFiles/CMakeTmp/CMAKE_TRY_COMPILE.build/Debug/cmTC_b6333.build/Objects-normal/x86_64/src.dia -c /Users/jamesfolk/Documents/NJLI/TESTBED/test_project_repo/_build_macOS/CMakeFiles/CMakeTmp/src.c -o /Users/jamesfolk/Documents/NJLI/TESTBED/test_project_repo/_build_macOS/CMakeFiles/CMakeTmp/CMAKE_TRY_COMPILE.build/Debug/cmTC_b6333.build/Objects-normal/x86_64/src.o
/Users/jamesfolk/Documents/NJLI/TESTBED/test_project_repo/_build_macOS/CMakeFiles/CMakeTmp/src.c:3:20: fatal error: 'pthread_np.h' file not found
          #include <pthread_np.h>
                   ^~~~~~~~~~~~~~
1 error generated.

** BUILD FAILED **


The following build commands failed:
	CompileC CMAKE_TRY_COMPILE.build/Debug/cmTC_b6333.build/Objects-normal/x86_64/src.o src.c normal x86_64 c com.apple.compilers.llvm.clang.1_0.compiler
(1 failure)

Source file was:

          #include <pthread.h>
          #include <pthread_np.h>
          int main(int argc, char** argv) { return 0; }
Determining if the function pthread_set_name_np exists failed with the following output:
Change Dir: /Users/jamesfolk/Documents/NJLI/TESTBED/test_project_repo/_build_macOS/CMakeFiles/CMakeTmp

Run Build Command:"/Applications/Xcode.app/Contents/Developer/usr/bin/xcodebuild" "-project" "CMAKE_TRY_COMPILE.xcodeproj" "build" "-target" "cmTC_8cb9e" "-configuration" "Debug"
=== BUILD TARGET cmTC_8cb9e OF PROJECT CMAKE_TRY_COMPILE WITH CONFIGURATION Debug ===

Check dependencies

Write auxiliary files
/bin/mkdir -p /Users/jamesfolk/Documents/NJLI/TESTBED/test_project_repo/_build_macOS/CMakeFiles/CMakeTmp/CMAKE_TRY_COMPILE.build/Debug/cmTC_8cb9e.build/Objects-normal/x86_64
write-file /Users/jamesfolk/Documents/NJLI/TESTBED/test_project_repo/_build_macOS/CMakeFiles/CMakeTmp/CMAKE_TRY_COMPILE.build/Debug/cmTC_8cb9e.build/Objects-normal/x86_64/cmTC_8cb9e.LinkFileList

CompileC CMAKE_TRY_COMPILE.build/Debug/cmTC_8cb9e.build/Objects-normal/x86_64/CheckFunctionExists.o /usr/local/Cellar/cmake/3.9.4_1/share/cmake/Modules/CheckFunctionExists.c normal x86_64 c com.apple.compilers.llvm.clang.1_0.compiler
    cd /Users/jamesfolk/Documents/NJLI/TESTBED/test_project_repo/_build_macOS/CMakeFiles/CMakeTmp
    export LANG=en_US.US-ASCII
    /Applications/Xcode.app/Contents/Developer/Toolchains/XcodeDefault.xctoolchain/usr/bin/clang -x c -arch x86_64 -fmessage-length=0 -fdiagnostics-show-note-include-stack -fmacro-backtrace-limit=0 -Wno-trigraphs -fpascal-strings -O0 -Wno-missing-field-initializers -Wno-missing-prototypes -Wno-return-type -Wno-missing-braces -Wparentheses -Wswitch -Wno-unused-function -Wno-unused-label -Wno-unused-parameter -Wno-unused-variable -Wunused-value -Wno-empty-body -Wno-uninitialized -Wno-unknown-pragmas -Wno-shadow -Wno-four-char-constants -Wno-conversion -Wno-constant-conversion -Wno-int-conversion -Wno-bool-conversion -Wno-enum-conversion -Wno-float-conversion -Wno-non-literal-null-conversion -Wno-objc-literal-conversion -Wno-shorten-64-to-32 -Wpointer-sign -Wno-newline-eof -DCMAKE_INTDIR=\"Debug\" -isysroot /Applications/Xcode.app/Contents/Developer/Platforms/MacOSX.platform/Developer/SDKs/MacOSX10.13.sdk -fasm-blocks -fstrict-aliasing -Wdeprecated-declarations -mmacosx-version-min=10.13 -g -Wno-sign-conversion -Wno-infinite-recursion -Wno-comma -Wno-block-capture-autoreleasing -Wno-strict-prototypes -I/Users/jamesfolk/Documents/NJLI/TESTBED/test_project_repo/_build_macOS/CMakeFiles/CMakeTmp/Debug/include -I/Users/jamesfolk/Documents/NJLI/TESTBED/test_project_repo/_build_macOS/CMakeFiles/CMakeTmp/CMAKE_TRY_COMPILE.build/Debug/cmTC_8cb9e.build/DerivedSources/x86_64 -I/Users/jamesfolk/Documents/NJLI/TESTBED/test_project_repo/_build_macOS/CMakeFiles/CMakeTmp/CMAKE_TRY_COMPILE.build/Debug/cmTC_8cb9e.build/DerivedSources -Wmost -Wno-four-char-constants -Wno-unknown-pragmas -F/Users/jamesfolk/Documents/NJLI/TESTBED/test_project_repo/_build_macOS/CMakeFiles/CMakeTmp/Debug -DCHECK_FUNCTION_EXISTS=pthread_set_name_np -D_THREAD_SAFE -MMD -MT dependencies -MF /Users/jamesfolk/Documents/NJLI/TESTBED/test_project_repo/_build_macOS/CMakeFiles/CMakeTmp/CMAKE_TRY_COMPILE.build/Debug/cmTC_8cb9e.build/Objects-normal/x86_64/CheckFunctionExists.d --serialize-diagnostics /Users/jamesfolk/Documents/NJLI/TESTBED/test_project_repo/_build_macOS/CMakeFiles/CMakeTmp/CMAKE_TRY_COMPILE.build/Debug/cmTC_8cb9e.build/Objects-normal/x86_64/CheckFunctionExists.dia -c /usr/local/Cellar/cmake/3.9.4_1/share/cmake/Modules/CheckFunctionExists.c -o /Users/jamesfolk/Documents/NJLI/TESTBED/test_project_repo/_build_macOS/CMakeFiles/CMakeTmp/CMAKE_TRY_COMPILE.build/Debug/cmTC_8cb9e.build/Objects-normal/x86_64/CheckFunctionExists.o

Ld Debug/cmTC_8cb9e normal x86_64
    cd /Users/jamesfolk/Documents/NJLI/TESTBED/test_project_repo/_build_macOS/CMakeFiles/CMakeTmp
    export MACOSX_DEPLOYMENT_TARGET=10.13
    /Applications/Xcode.app/Contents/Developer/Toolchains/XcodeDefault.xctoolchain/usr/bin/clang -arch x86_64 -isysroot /Applications/Xcode.app/Contents/Developer/Platforms/MacOSX.platform/Developer/SDKs/MacOSX10.13.sdk -L/Users/jamesfolk/Documents/NJLI/TESTBED/test_project_repo/_build_macOS/CMakeFiles/CMakeTmp/Debug -F/Users/jamesfolk/Documents/NJLI/TESTBED/test_project_repo/_build_macOS/CMakeFiles/CMakeTmp/Debug -filelist /Users/jamesfolk/Documents/NJLI/TESTBED/test_project_repo/_build_macOS/CMakeFiles/CMakeTmp/CMAKE_TRY_COMPILE.build/Debug/cmTC_8cb9e.build/Objects-normal/x86_64/cmTC_8cb9e.LinkFileList -mmacosx-version-min=10.13 -Xlinker -object_path_lto -Xlinker /Users/jamesfolk/Documents/NJLI/TESTBED/test_project_repo/_build_macOS/CMakeFiles/CMakeTmp/CMAKE_TRY_COMPILE.build/Debug/cmTC_8cb9e.build/Objects-normal/x86_64/cmTC_8cb9e_lto.o -Xlinker -no_deduplicate -Wl,-search_paths_first -Wl,-headerpad_max_install_names -Xlinker -dependency_info -Xlinker /Users/jamesfolk/Documents/NJLI/TESTBED/test_project_repo/_build_macOS/CMakeFiles/CMakeTmp/CMAKE_TRY_COMPILE.build/Debug/cmTC_8cb9e.build/Objects-normal/x86_64/cmTC_8cb9e_dependency_info.dat -o /Users/jamesfolk/Documents/NJLI/TESTBED/test_project_repo/_build_macOS/CMakeFiles/CMakeTmp/Debug/cmTC_8cb9e
Undefined symbols for architecture x86_64:
  "_pthread_set_name_np", referenced from:
      _main in CheckFunctionExists.o
ld: symbol(s) not found for architecture x86_64
clang: error: linker command failed with exit code 1 (use -v to see invocation)

** BUILD FAILED **


The following build commands failed:
	Ld Debug/cmTC_8cb9e normal x86_64
(1 failure)


